Log file open, 11/10/20 09:53:42
LogInit: Display: Running engine for game: BullCowGame
LogPlatformFile: Not using cached read wrapper
LogTaskGraph: Started task graph with 5 named threads and 47 total threads with 3 sets of task threads.
LogStats: Stats thread started at 0.175324
LogD3D11RHI: Loaded GFSDK_Aftermath_Lib.x64.dll
LogICUInternationalization: ICU TimeZone Detection - Raw Offset: +0:00, Platform Override: ''
LogPluginManager: Mounting plugin Paper2D
LogPluginManager: Mounting plugin AISupport
LogPluginManager: Mounting plugin LightPropagationVolume
LogPluginManager: Mounting plugin CameraShakePreviewer
LogPluginManager: Mounting plugin ActorLayerUtilities
LogPluginManager: Mounting plugin AnimationSharing
LogPluginManager: Mounting plugin CLionSourceCodeAccess
LogPluginManager: Mounting plugin CodeLiteSourceCodeAccess
LogPluginManager: Mounting plugin GitSourceControl
LogPluginManager: Mounting plugin KDevelopSourceCodeAccess
LogPluginManager: Mounting plugin NullSourceCodeAccess
LogPluginManager: Mounting plugin PerforceSourceControl
LogPluginManager: Mounting plugin PlasticSourceControl
LogPluginManager: Mounting plugin RiderSourceCodeAccess
LogPluginManager: Mounting plugin SubversionSourceControl
LogPluginManager: Mounting plugin UObjectPlugin
LogPluginManager: Mounting plugin VisualStudioCodeSourceCodeAccess
LogPluginManager: Mounting plugin VisualStudioSourceCodeAccess
LogPluginManager: Mounting plugin XCodeSourceCodeAccess
LogPluginManager: Mounting plugin AssetManagerEditor
LogPluginManager: Mounting plugin CryptoKeys
LogPluginManager: Mounting plugin CurveEditorTools
LogPluginManager: Mounting plugin DataValidation
LogPluginManager: Mounting plugin EditorScriptingUtilities
LogPluginManager: Mounting plugin FacialAnimation
LogPluginManager: Mounting plugin GameplayTagsEditor
LogPluginManager: Mounting plugin GeometryMode
LogPluginManager: Mounting plugin MacGraphicsSwitching
LogPluginManager: Mounting plugin MaterialAnalyzer
LogPluginManager: Mounting plugin MobileLauncherProfileWizard
LogPluginManager: Mounting plugin PluginBrowser
LogPluginManager: Mounting plugin SpeedTreeImporter
LogPluginManager: Mounting plugin DatasmithContent
LogPluginManager: Mounting plugin VariantManagerContent
LogPluginManager: Mounting plugin AlembicImporter
LogPluginManager: Mounting plugin AutomationUtils
LogPluginManager: Mounting plugin BackChannel
LogPluginManager: Mounting plugin ChaosCloth
LogPluginManager: Mounting plugin ChaosClothEditor
LogPluginManager: Mounting plugin ChaosEditor
LogPluginManager: Mounting plugin ChaosNiagara
LogPluginManager: Mounting plugin ChaosSolverPlugin
LogPluginManager: Mounting plugin CharacterAI
LogPluginManager: Mounting plugin GeometryCache
LogPluginManager: Mounting plugin GeometryCollectionPlugin
LogPluginManager: Mounting plugin GeometryProcessing
LogPluginManager: Mounting plugin PlanarCut
LogPluginManager: Mounting plugin PlatformCrypto
LogPluginManager: Mounting plugin ProxyLODPlugin
LogPluginManager: Mounting plugin SkeletalReduction
LogPluginManager: Mounting plugin Niagara
LogPluginManager: Mounting plugin MagicLeap
LogPluginManager: Mounting plugin MagicLeapLightEstimation
LogPluginManager: Mounting plugin MagicLeapMedia
LogPluginManager: Mounting plugin MagicLeapPassableWorld
LogPluginManager: Mounting plugin MLSDK
LogPluginManager: Mounting plugin AndroidMedia
LogPluginManager: Mounting plugin AvfMedia
LogPluginManager: Mounting plugin ImgMedia
LogPluginManager: Mounting plugin MediaCompositing
LogPluginManager: Mounting plugin MediaPlayerEditor
LogPluginManager: Mounting plugin WebMMedia
LogPluginManager: Mounting plugin WmfMedia
LogPluginManager: Mounting plugin MeshPainting
LogPluginManager: Mounting plugin TcpMessaging
LogPluginManager: Mounting plugin UdpMessaging
LogPluginManager: Mounting plugin ActorSequence
LogPluginManager: Mounting plugin LevelSequenceEditor
LogPluginManager: Mounting plugin MatineeToLevelSequence
LogPluginManager: Mounting plugin MovieRenderPipeline
LogPluginManager: Mounting plugin TemplateSequence
LogPluginManager: Mounting plugin NetcodeUnitTest
LogPluginManager: Mounting plugin NUTUnrealEngine4
LogPluginManager: Mounting plugin OnlineSubsystemGooglePlay
LogPluginManager: Mounting plugin OnlineSubsystemIOS
LogPluginManager: Mounting plugin OnlineSubsystem
LogPluginManager: Mounting plugin OnlineSubsystemNull
LogPluginManager: Mounting plugin OnlineSubsystemUtils
LogPluginManager: Mounting plugin LauncherChunkInstaller
LogPluginManager: Mounting plugin AndroidDeviceProfileSelector
LogPluginManager: Mounting plugin AndroidMoviePlayer
LogPluginManager: Mounting plugin AndroidPermission
LogPluginManager: Mounting plugin AppleImageUtils
LogPluginManager: Mounting plugin AppleMoviePlayer
LogPluginManager: Mounting plugin ArchVisCharacter
LogPluginManager: Mounting plugin AssetTags
LogPluginManager: Mounting plugin AudioCapture
LogPluginManager: Mounting plugin CableComponent
LogPluginManager: Mounting plugin CustomMeshComponent
LogPluginManager: Mounting plugin EditableMesh
LogPluginManager: Mounting plugin ExampleDeviceProfileSelector
LogPluginManager: Mounting plugin GoogleCloudMessaging
LogPluginManager: Mounting plugin GooglePAD
LogPluginManager: Mounting plugin IOSDeviceProfileSelector
LogPluginManager: Mounting plugin LinuxDeviceProfileSelector
LogPluginManager: Mounting plugin LocationServicesBPLibrary
LogPluginManager: Mounting plugin MobilePatchingUtils
LogPluginManager: Mounting plugin OculusVR
LogPluginManager: Mounting plugin PhysXVehicles
LogPluginManager: Mounting plugin PostSplashScreen
LogPluginManager: Mounting plugin ProceduralMeshComponent
LogPluginManager: Mounting plugin RuntimePhysXCooking
LogPluginManager: Mounting plugin SignificanceManager
LogPluginManager: Mounting plugin SoundFields
LogPluginManager: Mounting plugin SteamVR
LogPluginManager: Mounting plugin Synthesis
LogPluginManager: Mounting plugin WebMMoviePlayer
LogPluginManager: Mounting plugin WindowsMoviePlayer
LogPluginManager: Mounting plugin ScreenshotTools
Launching UnrealBuildTool... [C:/Program Files/Epic Games/UE_4.25/Engine/Binaries/DotNET/UnrealBuildTool.exe -Mode=QueryTargets -Project="C:/Users/sower/Documents/Work/Programming/C++/Unreal Learning/BullCowGame/BullCowGame.uproject" -Output="C:/Users/sower/Documents/Work/Programming/C++/Unreal Learning/BullCowGame/Intermediate/TargetInfo.json"]
LogInit: Warning: Incompatible or missing module: BullCowGame
Running C:/Program Files/Epic Games/UE_4.25/Engine/Binaries/DotNET/UnrealBuildTool.exe Development Win64 -Project="C:/Users/sower/Documents/Work/Programming/C++/Unreal Learning/BullCowGame/BullCowGame.uproject" -TargetType=Editor -Progress -NoEngineChanges -NoHotReloadFromIDE
Using 'git status' to determine working set for adaptive non-unity build (C:\Users\sower\Documents\Work\Programming\C++\Unreal Learning\BullCowGame).
Creating makefile for BullCowGameEditor (game project files are newer)
@progress push 5%
Parsing headers for BullCowGameEditor
  Running UnrealHeaderTool "C:\Users\sower\Documents\Work\Programming\C++\Unreal Learning\BullCowGame\BullCowGame.uproject" "C:\Users\sower\Documents\Work\Programming\C++\Unreal Learning\BullCowGame\Intermediate\Build\Win64\BullCowGameEditor\Development\BullCowGameEditor.uhtmanifest" -LogCmds="loginit warning, logexit warning, logdatabase error" -Unattended -WarningsAsErrors -abslog="C:\Users\sower\AppData\Local\UnrealBuildTool\Log_UHT.txt" -installed
Reflection code generated for BullCowGameEditor in 5.2531226 seconds
@progress pop
Building BullCowGameEditor...
Using Visual Studio 2017 14.16.27025 toolchain (C:\Program Files (x86)\Microsoft Visual Studio\2017\Community\VC\Tools\MSVC\14.16.27023) and Windows 10.0.17763.0 SDK (C:\Program Files (x86)\Windows Kits\10).
[Upgrade]
[Upgrade] Using backward-compatible build settings. The latest version of UE4 sets the following values by default, which may require code changes:
[Upgrade]     bLegacyPublicIncludePaths = false                 => Omits subfolders from public include paths to reduce compiler command line length. (Previously: true).
[Upgrade]     ShadowVariableWarningLevel = WarningLevel.Error   => Treats shadowed variable warnings as errors. (Previously: WarningLevel.Warning).
[Upgrade]     PCHUsage = PCHUsageMode.UseExplicitOrSharedPCHs   => Set in build.cs files to enables IWYU-style PCH model. See https://docs.unrealengine.com/en-US/Programming/BuildTools/UnrealBuildTool/IWYU/index.html. (Previously: PCHUsageMode.UseSharedPCHs).
[Upgrade] Suppress this message by setting 'DefaultBuildSettings = BuildSettingsVersion.V2;' in BullCowGameEditor.Target.cs, and explicitly overriding settings that differ from the new defaults.
[Upgrade]
Building 15 actions with 16 processes...
  @progress 'Compiling C++ source code...' 0%
  @progress 'Compiling C++ source code...' 7%
  [1/15] Default.rc2
  @progress 'Compiling C++ source code...' 13%
  [2/15] SharedPCH.Engine.cpp
  @progress 'Compiling C++ source code...' 20%
  [3/15] BullCowGame.cpp
  @progress 'Compiling C++ source code...' 27%
  [4/15] BullCowCartridge.cpp
  @progress 'Compiling C++ source code...' 33%
  [5/15] Cartridge.cpp
  @progress 'Compiling C++ source code...' 40%
  [6/15] BullCowGame.init.gen.cpp
  @progress 'Compiling C++ source code...' 47%
  [7/15] BullCowGameGameModeBase.cpp
  @progress 'Compiling C++ source code...' 53%
  [8/15] BullCowCartridge.gen.cpp
  @progress 'Compiling C++ source code...' 60%
  [9/15] Cartridge.gen.cpp
  @progress 'Compiling C++ source code...' 67%
  [10/15] Terminal.gen.cpp
  @progress 'Compiling C++ source code...' 73%
  [11/15] BullCowGameGameModeBase.gen.cpp
  @progress 'Compiling C++ source code...' 80%
  [12/15] Terminal.cpp
  @progress 'Compiling C++ source code...' 87%
  [13/15] UE4Editor-BullCowGame.lib
     Creating library C:\Users\sower\Documents\Work\Programming\C++\Unreal Learning\BullCowGame\Intermediate\Build\Win64\UE4Editor\Development\BullCowGame\UE4Editor-BullCowGame.lib and object C:\Users\sower\Documents\Work\Programming\C++\Unreal Learning\BullCowGame\Intermediate\Build\Win64\UE4Editor\Development\BullCowGame\UE4Editor-BullCowGame.exp
  @progress 'Compiling C++ source code...' 93%
  [14/15] UE4Editor-BullCowGame.dll
     Creating library C:\Users\sower\Documents\Work\Programming\C++\Unreal Learning\BullCowGame\Intermediate\Build\Win64\UE4Editor\Development\BullCowGame\UE4Editor-BullCowGame.suppressed.lib and object C:\Users\sower\Documents\Work\Programming\C++\Unreal Learning\BullCowGame\Intermediate\Build\Win64\UE4Editor\Development\BullCowGame\UE4Editor-BullCowGame.suppressed.exp
  @progress 'Compiling C++ source code...' 100%
  [15/15] BullCowGameEditor.target
Total time in Parallel executor: 26.36 seconds
Total execution time: 47.10 seconds
LogInit: Using libcurl 7.55.1-DEV
LogInit:  - built for x86_64-pc-win32
LogInit:  - supports SSL with OpenSSL/1.1.1
LogInit:  - supports HTTP deflate (compression) using libz 1.2.8
LogInit:  - other features:
LogInit:      CURL_VERSION_SSL
LogInit:      CURL_VERSION_LIBZ
LogInit:      CURL_VERSION_IPV6
LogInit:      CURL_VERSION_ASYNCHDNS
LogInit:      CURL_VERSION_LARGEFILE
LogInit:      CURL_VERSION_IDN
LogInit:  CurlRequestOptions (configurable via config and command line):
LogInit:  - bVerifyPeer = true  - Libcurl will verify peer certificate
LogInit:  - bUseHttpProxy = false  - Libcurl will NOT use HTTP proxy
LogInit:  - bDontReuseConnections = false  - Libcurl will reuse connections
LogInit:  - MaxHostConnections = 16  - Libcurl will limit the number of connections to a host
LogInit:  - LocalHostAddr = Default
LogInit:  - BufferSize = 65536
LogOnline: OSS: Creating online subsystem instance for: NULL
LogInit: WinSock: version 1.1 (2.2), MaxSocks=32767, MaxUdp=65467
LogOnline: OSS: TryLoadSubsystemAndSetDefault: Loaded subsystem for module [NULL]
LogInit: Build: ++UE4+Release-4.25-CL-14469661
LogInit: Engine Version: 4.25.4-14469661+++UE4+Release-4.25
LogInit: Compatible Engine Version: 4.25.0-13144385+++UE4+Release-4.25
LogInit: Net CL: 13144385
LogInit: OS: Windows 10 (Release 1909) (), CPU: AMD Ryzen 7 2700X Eight-Core Processor         , GPU: NVIDIA GeForce RTX 2080
LogInit: Compiled (64-bit): Oct 11 2020 08:10:49
LogInit: Compiled with Visual C++: 19.24.28315.00
LogInit: Build Configuration: Development
LogInit: Branch Name: ++UE4+Release-4.25
LogInit: Command Line: 
LogInit: Base Directory: C:/Program Files/Epic Games/UE_4.25/Engine/Binaries/Win64/
LogInit: Allocator: TBB
LogInit: Installed Engine Build: 1
LogDevObjectVersion: Number of dev versions registered: 26
LogDevObjectVersion:   Dev-Blueprints (B0D832E4-1F89-4F0D-ACCF-7EB736FD4AA2): 10
LogDevObjectVersion:   Dev-Build (E1C64328-A22C-4D53-A36C-8E866417BD8C): 0
LogDevObjectVersion:   Dev-Core (375EC13C-06E4-48FB-B500-84F0262A717E): 4
LogDevObjectVersion:   Dev-Editor (E4B068ED-F494-42E9-A231-DA0B2E46BB41): 38
LogDevObjectVersion:   Dev-Framework (CFFC743F-43B0-4480-9391-14DF171D2073): 37
LogDevObjectVersion:   Dev-Mobile (B02B49B5-BB20-44E9-A304-32B752E40360): 2
LogDevObjectVersion:   Dev-Networking (A4E4105C-59A1-49B5-A7C5-40C4547EDFEE): 0
LogDevObjectVersion:   Dev-Online (39C831C9-5AE6-47DC-9A44-9C173E1C8E7C): 0
LogDevObjectVersion:   Dev-Physics (78F01B33-EBEA-4F98-B9B4-84EACCB95AA2): 4
LogDevObjectVersion:   Dev-Platform (6631380F-2D4D-43E0-8009-CF276956A95A): 0
LogDevObjectVersion:   Dev-Rendering (12F88B9F-8875-4AFC-A67C-D90C383ABD29): 43
LogDevObjectVersion:   Dev-Sequencer (7B5AE74C-D270-4C10-A958-57980B212A5A): 12
LogDevObjectVersion:   Dev-VR (D7296918-1DD6-4BDD-9DE2-64A83CC13884): 3
LogDevObjectVersion:   Dev-LoadTimes (C2A15278-BFE7-4AFE-6C17-90FF531DF755): 1
LogDevObjectVersion:   Private-Geometry (6EACA3D4-40EC-4CC1-B786-8BED09428FC5): 3
LogDevObjectVersion:   Dev-AnimPhys (29E575DD-E0A3-4627-9D10-D276232CDCEA): 17
LogDevObjectVersion:   Dev-Anim (AF43A65D-7FD3-4947-9873-3E8ED9C1BB05): 7
LogDevObjectVersion:   Dev-ReflectionCapture (6B266CEC-1EC7-4B8F-A30B-E4D90942FC07): 1
LogDevObjectVersion:   Dev-Automation (0DF73D61-A23F-47EA-B727-89E90C41499A): 1
LogDevObjectVersion:   FortniteMain (601D1886-AC64-4F84-AA16-D3DE0DEAC7D6): 31
LogDevObjectVersion:   Dev-Enterprise (9DFFBCD6-494F-0158-E221-12823C92A888): 10
LogDevObjectVersion:   Dev-Niagara (F2AED0AC-9AFE-416F-8664-AA7FFA26D6FC): 1
LogDevObjectVersion:   Dev-Destruction (174F1F0B-B4C6-45A5-B13F-2EE8D0FB917D): 10
LogDevObjectVersion:   Dev-Physics-Ext (35F94A83-E258-406C-A318-09F59610247C): 37
LogDevObjectVersion:   Dev-PhysicsMaterial-Chaos (B68FC16E-8B1B-42E2-B453-215C058844FE): 1
LogDevObjectVersion:   Dev-CineCamera (B2E18506-4273-CFC2-A54E-F4BB758BBA07): 1
LogInit: Presizing for max 25165824 objects, including 0 objects not considered by GC, pre-allocating 0 bytes for permanent pool.
LogConfig: Applying CVar settings from Section [/Script/Engine.StreamingSettings] File [C:/Users/sower/Documents/Work/Programming/C++/Unreal Learning/BullCowGame/Saved/Config/Windows/Engine.ini]
LogConfig: Setting CVar [[s.MinBulkDataSizeForAsyncLoading:131072]]
LogConfig: Setting CVar [[s.AsyncLoadingThreadEnabled:0]]
LogConfig: Setting CVar [[s.EventDrivenLoaderEnabled:1]]
LogConfig: Setting CVar [[s.WarnIfTimeLimitExceeded:0]]
LogConfig: Setting CVar [[s.TimeLimitExceededMultiplier:1.5]]
LogConfig: Setting CVar [[s.TimeLimitExceededMinTime:0.005]]
LogConfig: Setting CVar [[s.UseBackgroundLevelStreaming:1]]
LogConfig: Setting CVar [[s.PriorityAsyncLoadingExtraTime:15.0]]
LogConfig: Setting CVar [[s.LevelStreamingActorsUpdateTimeLimit:5.0]]
LogConfig: Setting CVar [[s.PriorityLevelStreamingActorsUpdateExtraTime:5.0]]
LogConfig: Setting CVar [[s.LevelStreamingComponentsRegistrationGranularity:10]]
LogConfig: Setting CVar [[s.UnregisterComponentsTimeLimit:1.0]]
LogConfig: Setting CVar [[s.LevelStreamingComponentsUnregistrationGranularity:5]]
LogConfig: Setting CVar [[s.FlushStreamingOnExit:1]]
LogInit: Object subsystem initialized
LogConfig: Setting CVar [[con.DebugEarlyDefault:1]]
LogConfig: Setting CVar [[r.setres:1280x720]]
[2020.11.10-09.54.31:712][  0]LogConfig: Setting CVar [[r.VSync:0]]
[2020.11.10-09.54.31:712][  0]LogConfig: Setting CVar [[r.RHICmdBypass:0]]
[2020.11.10-09.54.31:712][  0]LogConfig: Applying CVar settings from Section [/Script/Engine.RendererSettings] File [C:/Users/sower/Documents/Work/Programming/C++/Unreal Learning/BullCowGame/Saved/Config/Windows/Engine.ini]
[2020.11.10-09.54.31:712][  0]LogConfig: Setting CVar [[r.GPUCrashDebugging:0]]
[2020.11.10-09.54.31:712][  0]LogConfig: Setting CVar [[r.DefaultFeature.AutoExposure.ExtendDefaultLuminanceRange:1]]
[2020.11.10-09.54.31:712][  0]LogConfig: Applying CVar settings from Section [/Script/Engine.RendererOverrideSettings] File [C:/Users/sower/Documents/Work/Programming/C++/Unreal Learning/BullCowGame/Saved/Config/Windows/Engine.ini]
[2020.11.10-09.54.31:712][  0]LogConfig: Applying CVar settings from Section [/Script/Engine.StreamingSettings] File [C:/Users/sower/Documents/Work/Programming/C++/Unreal Learning/BullCowGame/Saved/Config/Windows/Engine.ini]
[2020.11.10-09.54.31:712][  0]LogConfig: Setting CVar [[s.MinBulkDataSizeForAsyncLoading:131072]]
[2020.11.10-09.54.31:712][  0]LogConfig: Setting CVar [[s.AsyncLoadingThreadEnabled:0]]
[2020.11.10-09.54.31:712][  0]LogConfig: Setting CVar [[s.EventDrivenLoaderEnabled:1]]
[2020.11.10-09.54.31:712][  0]LogConfig: Setting CVar [[s.WarnIfTimeLimitExceeded:0]]
[2020.11.10-09.54.31:712][  0]LogConfig: Setting CVar [[s.TimeLimitExceededMultiplier:1.5]]
[2020.11.10-09.54.31:712][  0]LogConfig: Setting CVar [[s.TimeLimitExceededMinTime:0.005]]
[2020.11.10-09.54.31:712][  0]LogConfig: Setting CVar [[s.UseBackgroundLevelStreaming:1]]
[2020.11.10-09.54.31:712][  0]LogConfig: Setting CVar [[s.PriorityAsyncLoadingExtraTime:15.0]]
[2020.11.10-09.54.31:712][  0]LogConfig: Setting CVar [[s.LevelStreamingActorsUpdateTimeLimit:5.0]]
[2020.11.10-09.54.31:712][  0]LogConfig: Setting CVar [[s.PriorityLevelStreamingActorsUpdateExtraTime:5.0]]
[2020.11.10-09.54.31:712][  0]LogConfig: Setting CVar [[s.LevelStreamingComponentsRegistrationGranularity:10]]
[2020.11.10-09.54.31:712][  0]LogConfig: Setting CVar [[s.UnregisterComponentsTimeLimit:1.0]]
[2020.11.10-09.54.31:712][  0]LogConfig: Setting CVar [[s.LevelStreamingComponentsUnregistrationGranularity:5]]
[2020.11.10-09.54.31:712][  0]LogConfig: Setting CVar [[s.FlushStreamingOnExit:1]]
[2020.11.10-09.54.31:712][  0]LogConfig: Applying CVar settings from Section [/Script/Engine.GarbageCollectionSettings] File [C:/Users/sower/Documents/Work/Programming/C++/Unreal Learning/BullCowGame/Saved/Config/Windows/Engine.ini]
[2020.11.10-09.54.31:712][  0]LogConfig: Setting CVar [[gc.MaxObjectsNotConsideredByGC:1]]
[2020.11.10-09.54.31:712][  0]LogConfig: Setting CVar [[gc.SizeOfPermanentObjectPool:0]]
[2020.11.10-09.54.31:712][  0]LogConfig: Setting CVar [[gc.FlushStreamingOnGC:0]]
[2020.11.10-09.54.31:712][  0]LogConfig: Setting CVar [[gc.NumRetriesBeforeForcingGC:10]]
[2020.11.10-09.54.31:712][  0]LogConfig: Setting CVar [[gc.AllowParallelGC:1]]
[2020.11.10-09.54.31:712][  0]LogConfig: Setting CVar [[gc.TimeBetweenPurgingPendingKillObjects:61.1]]
[2020.11.10-09.54.31:712][  0]LogConfig: Setting CVar [[gc.MaxObjectsInEditor:25165824]]
[2020.11.10-09.54.31:712][  0]LogConfig: Setting CVar [[gc.IncrementalBeginDestroyEnabled:1]]
[2020.11.10-09.54.31:712][  0]LogConfig: Setting CVar [[gc.CreateGCClusters:1]]
[2020.11.10-09.54.31:712][  0]LogConfig: Setting CVar [[gc.MinGCClusterSize:5]]
[2020.11.10-09.54.31:712][  0]LogConfig: Setting CVar [[gc.ActorClusteringEnabled:0]]
[2020.11.10-09.54.31:712][  0]LogConfig: Setting CVar [[gc.BlueprintClusteringEnabled:0]]
[2020.11.10-09.54.31:712][  0]LogConfig: Setting CVar [[gc.UseDisregardForGCOnDedicatedServers:0]]
[2020.11.10-09.54.31:712][  0]LogConfig: Applying CVar settings from Section [/Script/Engine.NetworkSettings] File [C:/Users/sower/Documents/Work/Programming/C++/Unreal Learning/BullCowGame/Saved/Config/Windows/Engine.ini]
[2020.11.10-09.54.31:712][  0]LogConfig: Applying CVar settings from Section [/Script/UnrealEd.CookerSettings] File [C:/Users/sower/Documents/Work/Programming/C++/Unreal Learning/BullCowGame/Saved/Config/Windows/Engine.ini]
[2020.11.10-09.54.31:717][  0]LogConfig: Applying CVar settings from Section [ViewDistanceQuality@3] File [C:/Users/sower/Documents/Work/Programming/C++/Unreal Learning/BullCowGame/Saved/Config/Windows/Scalability.ini]
[2020.11.10-09.54.31:717][  0]LogConfig: Setting CVar [[r.SkeletalMeshLODBias:0]]
[2020.11.10-09.54.31:717][  0]LogConfig: Setting CVar [[r.ViewDistanceScale:1.0]]
[2020.11.10-09.54.31:717][  0]LogConfig: Applying CVar settings from Section [AntiAliasingQuality@3] File [C:/Users/sower/Documents/Work/Programming/C++/Unreal Learning/BullCowGame/Saved/Config/Windows/Scalability.ini]
[2020.11.10-09.54.31:717][  0]LogConfig: Setting CVar [[r.PostProcessAAQuality:4]]
[2020.11.10-09.54.31:717][  0]LogConfig: Applying CVar settings from Section [ShadowQuality@3] File [C:/Users/sower/Documents/Work/Programming/C++/Unreal Learning/BullCowGame/Saved/Config/Windows/Scalability.ini]
[2020.11.10-09.54.31:717][  0]LogConfig: Setting CVar [[r.LightFunctionQuality:1]]
[2020.11.10-09.54.31:717][  0]LogConfig: Setting CVar [[r.ShadowQuality:5]]
[2020.11.10-09.54.31:717][  0]LogConfig: Setting CVar [[r.Shadow.CSM.MaxCascades:10]]
[2020.11.10-09.54.31:717][  0]LogConfig: Setting CVar [[r.Shadow.MaxResolution:2048]]
[2020.11.10-09.54.31:717][  0]LogConfig: Setting CVar [[r.Shadow.MaxCSMResolution:2048]]
[2020.11.10-09.54.31:717][  0]LogConfig: Setting CVar [[r.Shadow.RadiusThreshold:0.01]]
[2020.11.10-09.54.31:717][  0]LogConfig: Setting CVar [[r.Shadow.DistanceScale:1.0]]
[2020.11.10-09.54.31:717][  0]LogConfig: Setting CVar [[r.Shadow.CSM.TransitionScale:1.0]]
[2020.11.10-09.54.31:717][  0]LogConfig: Setting CVar [[r.Shadow.PreShadowResolutionFactor:1.0]]
[2020.11.10-09.54.31:717][  0]LogConfig: Setting CVar [[r.DistanceFieldShadowing:1]]
[2020.11.10-09.54.31:717][  0]LogConfig: Setting CVar [[r.DistanceFieldAO:1]]
[2020.11.10-09.54.31:717][  0]LogConfig: Setting CVar [[r.AOQuality:2]]
[2020.11.10-09.54.31:717][  0]LogConfig: Setting CVar [[r.VolumetricFog:1]]
[2020.11.10-09.54.31:717][  0]LogConfig: Setting CVar [[r.VolumetricFog.GridPixelSize:8]]
[2020.11.10-09.54.31:717][  0]LogConfig: Setting CVar [[r.VolumetricFog.GridSizeZ:128]]
[2020.11.10-09.54.31:717][  0]LogConfig: Setting CVar [[r.VolumetricFog.HistoryMissSupersampleCount:4]]
[2020.11.10-09.54.31:717][  0]LogConfig: Setting CVar [[r.LightMaxDrawDistanceScale:1]]
[2020.11.10-09.54.31:717][  0]LogConfig: Setting CVar [[r.CapsuleShadows:1]]
[2020.11.10-09.54.31:717][  0]LogConfig: Applying CVar settings from Section [PostProcessQuality@3] File [C:/Users/sower/Documents/Work/Programming/C++/Unreal Learning/BullCowGame/Saved/Config/Windows/Scalability.ini]
[2020.11.10-09.54.31:717][  0]LogConfig: Setting CVar [[r.MotionBlurQuality:4]]
[2020.11.10-09.54.31:717][  0]LogConfig: Setting CVar [[r.AmbientOcclusionMipLevelFactor:0.4]]
[2020.11.10-09.54.31:717][  0]LogConfig: Setting CVar [[r.AmbientOcclusionMaxQuality:100]]
[2020.11.10-09.54.31:717][  0]LogConfig: Setting CVar [[r.AmbientOcclusionLevels:-1]]
[2020.11.10-09.54.31:717][  0]LogConfig: Setting CVar [[r.AmbientOcclusionRadiusScale:1.0]]
[2020.11.10-09.54.31:717][  0]LogConfig: Setting CVar [[r.DepthOfFieldQuality:2]]
[2020.11.10-09.54.31:717][  0]LogConfig: Setting CVar [[r.RenderTargetPoolMin:400]]
[2020.11.10-09.54.31:717][  0]LogConfig: Setting CVar [[r.LensFlareQuality:2]]
[2020.11.10-09.54.31:717][  0]LogConfig: Setting CVar [[r.SceneColorFringeQuality:1]]
[2020.11.10-09.54.31:717][  0]LogConfig: Setting CVar [[r.EyeAdaptationQuality:2]]
[2020.11.10-09.54.31:717][  0]LogConfig: Setting CVar [[r.BloomQuality:5]]
[2020.11.10-09.54.31:717][  0]LogConfig: Setting CVar [[r.FastBlurThreshold:100]]
[2020.11.10-09.54.31:718][  0]LogConfig: Setting CVar [[r.Upscale.Quality:3]]
[2020.11.10-09.54.31:718][  0]LogConfig: Setting CVar [[r.Tonemapper.GrainQuantization:1]]
[2020.11.10-09.54.31:718][  0]LogConfig: Setting CVar [[r.LightShaftQuality:1]]
[2020.11.10-09.54.31:718][  0]LogConfig: Setting CVar [[r.Filter.SizeScale:1]]
[2020.11.10-09.54.31:718][  0]LogConfig: Setting CVar [[r.Tonemapper.Quality:5]]
[2020.11.10-09.54.31:718][  0]LogConfig: Setting CVar [[r.DOF.Gather.AccumulatorQuality:1        ; higher gathering accumulator quality]]
[2020.11.10-09.54.31:718][  0]LogConfig: Setting CVar [[r.DOF.Gather.PostfilterMethod:1          ; Median3x3 postfilering method]]
[2020.11.10-09.54.31:718][  0]LogConfig: Setting CVar [[r.DOF.Gather.EnableBokehSettings:0       ; no bokeh simulation when gathering]]
[2020.11.10-09.54.31:718][  0]LogConfig: Setting CVar [[r.DOF.Gather.RingCount:4                 ; medium number of samples when gathering]]
[2020.11.10-09.54.31:718][  0]LogConfig: Setting CVar [[r.DOF.Scatter.ForegroundCompositing:1    ; additive foreground scattering]]
[2020.11.10-09.54.31:718][  0]LogConfig: Setting CVar [[r.DOF.Scatter.BackgroundCompositing:2    ; additive background scattering]]
[2020.11.10-09.54.31:718][  0]LogConfig: Setting CVar [[r.DOF.Scatter.EnableBokehSettings:1      ; bokeh simulation when scattering]]
[2020.11.10-09.54.31:718][  0]LogConfig: Setting CVar [[r.DOF.Scatter.MaxSpriteRatio:0.1         ; only a maximum of 10% of scattered bokeh]]
[2020.11.10-09.54.31:718][  0]LogConfig: Setting CVar [[r.DOF.Recombine.Quality:1                ; cheap slight out of focus]]
[2020.11.10-09.54.31:718][  0]LogConfig: Setting CVar [[r.DOF.Recombine.EnableBokehSettings:0    ; no bokeh simulation on slight out of focus]]
[2020.11.10-09.54.31:718][  0]LogConfig: Setting CVar [[r.DOF.TemporalAAQuality:1                ; more stable temporal accumulation]]
[2020.11.10-09.54.31:718][  0]LogConfig: Setting CVar [[r.DOF.Kernel.MaxForegroundRadius:0.025]]
[2020.11.10-09.54.31:718][  0]LogConfig: Setting CVar [[r.DOF.Kernel.MaxBackgroundRadius:0.025]]
[2020.11.10-09.54.31:718][  0]LogConfig: Applying CVar settings from Section [TextureQuality@3] File [C:/Users/sower/Documents/Work/Programming/C++/Unreal Learning/BullCowGame/Saved/Config/Windows/Scalability.ini]
[2020.11.10-09.54.31:718][  0]LogConfig: Setting CVar [[r.Streaming.MipBias:0]]
[2020.11.10-09.54.31:718][  0]LogConfig: Setting CVar [[r.Streaming.AmortizeCPUToGPUCopy:0]]
[2020.11.10-09.54.31:718][  0]LogConfig: Setting CVar [[r.Streaming.MaxNumTexturesToStreamPerFrame:0]]
[2020.11.10-09.54.31:718][  0]LogConfig: Setting CVar [[r.Streaming.Boost:1]]
[2020.11.10-09.54.31:718][  0]LogConfig: Setting CVar [[r.MaxAnisotropy:8]]
[2020.11.10-09.54.31:718][  0]LogConfig: Setting CVar [[r.VT.MaxAnisotropy:8]]
[2020.11.10-09.54.31:718][  0]LogConfig: Setting CVar [[r.Streaming.LimitPoolSizeToVRAM:0]]
[2020.11.10-09.54.31:718][  0]LogConfig: Setting CVar [[r.Streaming.PoolSize:1000]]
[2020.11.10-09.54.31:718][  0]LogConfig: Setting CVar [[r.Streaming.MaxEffectiveScreenSize:0]]
[2020.11.10-09.54.31:718][  0]LogConfig: Applying CVar settings from Section [EffectsQuality@3] File [C:/Users/sower/Documents/Work/Programming/C++/Unreal Learning/BullCowGame/Saved/Config/Windows/Scalability.ini]
[2020.11.10-09.54.31:718][  0]LogConfig: Setting CVar [[r.TranslucencyLightingVolumeDim:64]]
[2020.11.10-09.54.31:718][  0]LogConfig: Setting CVar [[r.RefractionQuality:2]]
[2020.11.10-09.54.31:718][  0]LogConfig: Setting CVar [[r.SSR.Quality:3]]
[2020.11.10-09.54.31:718][  0]LogConfig: Setting CVar [[r.SSR.HalfResSceneColor:0]]
[2020.11.10-09.54.31:718][  0]LogConfig: Setting CVar [[r.SceneColorFormat:4]]
[2020.11.10-09.54.31:718][  0]LogConfig: Setting CVar [[r.DetailMode:2]]
[2020.11.10-09.54.31:718][  0]LogConfig: Setting CVar [[r.TranslucencyVolumeBlur:1]]
[2020.11.10-09.54.31:718][  0]LogConfig: Setting CVar [[r.MaterialQualityLevel:1 ; High quality]]
[2020.11.10-09.54.31:718][  0]LogConfig: Setting CVar [[r.SSS.Scale:1]]
[2020.11.10-09.54.31:718][  0]LogConfig: Setting CVar [[r.SSS.SampleSet:2]]
[2020.11.10-09.54.31:718][  0]LogConfig: Setting CVar [[r.SSS.Quality:1]]
[2020.11.10-09.54.31:718][  0]LogConfig: Setting CVar [[r.SSS.HalfRes:0]]
[2020.11.10-09.54.31:718][  0]LogConfig: Setting CVar [[r.SSGI.Quality:3]]
[2020.11.10-09.54.31:718][  0]LogConfig: Setting CVar [[r.EmitterSpawnRateScale:1.0]]
[2020.11.10-09.54.31:718][  0]LogConfig: Setting CVar [[r.ParticleLightQuality:2]]
[2020.11.10-09.54.31:718][  0]LogConfig: Setting CVar [[r.SkyAtmosphere.AerialPerspectiveLUT.FastApplyOnOpaque:1 ; Always have FastSkyLUT 1 in this case to avoid wrong sky]]
[2020.11.10-09.54.31:718][  0]LogConfig: Setting CVar [[r.SkyAtmosphere.AerialPerspectiveLUT.SampleCountPerSlice:1]]
[2020.11.10-09.54.31:718][  0]LogConfig: Setting CVar [[r.SkyAtmosphere.AerialPerspectiveLUT.DepthResolution:16.0]]
[2020.11.10-09.54.31:718][  0]LogConfig: Setting CVar [[r.SkyAtmosphere.FastSkyLUT:1]]
[2020.11.10-09.54.31:718][  0]LogConfig: Setting CVar [[r.SkyAtmosphere.FastSkyLUT.SampleCountMin:4.0]]
[2020.11.10-09.54.31:718][  0]LogConfig: Setting CVar [[r.SkyAtmosphere.FastSkyLUT.SampleCountMax:32.0]]
[2020.11.10-09.54.31:718][  0]LogConfig: Setting CVar [[r.SkyAtmosphere.SampleCountMin:4.0]]
[2020.11.10-09.54.31:718][  0]LogConfig: Setting CVar [[r.SkyAtmosphere.SampleCountMax:32.0]]
[2020.11.10-09.54.31:718][  0]LogConfig: Setting CVar [[r.SkyAtmosphere.TransmittanceLUT.UseSmallFormat:0]]
[2020.11.10-09.54.31:718][  0]LogConfig: Setting CVar [[r.SkyAtmosphere.TransmittanceLUT.SampleCount:10.0]]
[2020.11.10-09.54.31:718][  0]LogConfig: Setting CVar [[r.SkyAtmosphere.MultiScatteringLUT.SampleCount:15.0]]
[2020.11.10-09.54.31:718][  0]LogConfig: Applying CVar settings from Section [FoliageQuality@3] File [C:/Users/sower/Documents/Work/Programming/C++/Unreal Learning/BullCowGame/Saved/Config/Windows/Scalability.ini]
[2020.11.10-09.54.31:718][  0]LogConfig: Setting CVar [[foliage.DensityScale:1.0]]
[2020.11.10-09.54.31:718][  0]LogConfig: Setting CVar [[grass.DensityScale:1.0]]
[2020.11.10-09.54.31:718][  0]LogConfig: Applying CVar settings from Section [ShadingQuality@3] File [C:/Users/sower/Documents/Work/Programming/C++/Unreal Learning/BullCowGame/Saved/Config/Windows/Scalability.ini]
[2020.11.10-09.54.31:718][  0]LogConfig: Setting CVar [[r.HairStrands.SkyLighting.SampleCount:16]]
[2020.11.10-09.54.31:718][  0]LogConfig: Setting CVar [[r.HairStrands.SkyLighting.JitterIntegration:0]]
[2020.11.10-09.54.31:718][  0]LogConfig: Setting CVar [[r.HairStrands.SkyAO.SampleCount:16]]
[2020.11.10-09.54.31:718][  0]LogConfig: Setting CVar [[r.HairStrands.DeepShadow.SuperSampling:0]]
[2020.11.10-09.54.31:718][  0]LogConfig: Setting CVar [[r.HairStrands.VisibilityPPLL:0]]
[2020.11.10-09.54.31:718][  0]LogConfig: Setting CVar [[r.HairStrands.RasterizationScale:0.5]]
[2020.11.10-09.54.31:718][  0]LogConfig: Setting CVar [[r.HairStrands.VelocityRasterizationScale:1]]
[2020.11.10-09.54.31:718][  0]LogInit: Selected Device Profile: [Windows]
[2020.11.10-09.54.31:718][  0]LogInit: Applying CVar settings loaded from the selected device profile: [Windows]
[2020.11.10-09.54.31:718][  0]LogHAL: Display: Platform has ~ 32 GB [34276655104 / 34359738368 / 32], which maps to Largest [LargestMinGB=32, LargerMinGB=12, DefaultMinGB=8, SmallerMinGB=6, SmallestMinGB=0)
[2020.11.10-09.54.31:718][  0]LogInit: Going up to parent DeviceProfile []
[2020.11.10-09.54.31:719][  0]LogConfig: Applying CVar settings from Section [ViewDistanceQuality@3] File [C:/Users/sower/Documents/Work/Programming/C++/Unreal Learning/BullCowGame/Saved/Config/Windows/Scalability.ini]
[2020.11.10-09.54.31:719][  0]LogConfig: Setting CVar [[r.SkeletalMeshLODBias:0]]
[2020.11.10-09.54.31:719][  0]LogConfig: Setting CVar [[r.ViewDistanceScale:1.0]]
[2020.11.10-09.54.31:719][  0]LogConfig: Applying CVar settings from Section [AntiAliasingQuality@3] File [C:/Users/sower/Documents/Work/Programming/C++/Unreal Learning/BullCowGame/Saved/Config/Windows/Scalability.ini]
[2020.11.10-09.54.31:719][  0]LogConfig: Setting CVar [[r.PostProcessAAQuality:4]]
[2020.11.10-09.54.31:719][  0]LogConfig: Applying CVar settings from Section [ShadowQuality@3] File [C:/Users/sower/Documents/Work/Programming/C++/Unreal Learning/BullCowGame/Saved/Config/Windows/Scalability.ini]
[2020.11.10-09.54.31:719][  0]LogConfig: Setting CVar [[r.LightFunctionQuality:1]]
[2020.11.10-09.54.31:719][  0]LogConfig: Setting CVar [[r.ShadowQuality:5]]
[2020.11.10-09.54.31:719][  0]LogConfig: Setting CVar [[r.Shadow.CSM.MaxCascades:10]]
[2020.11.10-09.54.31:719][  0]LogConfig: Setting CVar [[r.Shadow.MaxResolution:2048]]
[2020.11.10-09.54.31:719][  0]LogConfig: Setting CVar [[r.Shadow.MaxCSMResolution:2048]]
[2020.11.10-09.54.31:719][  0]LogConfig: Setting CVar [[r.Shadow.RadiusThreshold:0.01]]
[2020.11.10-09.54.31:719][  0]LogConfig: Setting CVar [[r.Shadow.DistanceScale:1.0]]
[2020.11.10-09.54.31:719][  0]LogConfig: Setting CVar [[r.Shadow.CSM.TransitionScale:1.0]]
[2020.11.10-09.54.31:719][  0]LogConfig: Setting CVar [[r.Shadow.PreShadowResolutionFactor:1.0]]
[2020.11.10-09.54.31:719][  0]LogConfig: Setting CVar [[r.DistanceFieldShadowing:1]]
[2020.11.10-09.54.31:719][  0]LogConfig: Setting CVar [[r.DistanceFieldAO:1]]
[2020.11.10-09.54.31:719][  0]LogConfig: Setting CVar [[r.AOQuality:2]]
[2020.11.10-09.54.31:719][  0]LogConfig: Setting CVar [[r.VolumetricFog:1]]
[2020.11.10-09.54.31:719][  0]LogConfig: Setting CVar [[r.VolumetricFog.GridPixelSize:8]]
[2020.11.10-09.54.31:719][  0]LogConfig: Setting CVar [[r.VolumetricFog.GridSizeZ:128]]
[2020.11.10-09.54.31:719][  0]LogConfig: Setting CVar [[r.VolumetricFog.HistoryMissSupersampleCount:4]]
[2020.11.10-09.54.31:719][  0]LogConfig: Setting CVar [[r.LightMaxDrawDistanceScale:1]]
[2020.11.10-09.54.31:719][  0]LogConfig: Setting CVar [[r.CapsuleShadows:1]]
[2020.11.10-09.54.31:719][  0]LogConfig: Applying CVar settings from Section [PostProcessQuality@3] File [C:/Users/sower/Documents/Work/Programming/C++/Unreal Learning/BullCowGame/Saved/Config/Windows/Scalability.ini]
[2020.11.10-09.54.31:719][  0]LogConfig: Setting CVar [[r.MotionBlurQuality:4]]
[2020.11.10-09.54.31:719][  0]LogConfig: Setting CVar [[r.AmbientOcclusionMipLevelFactor:0.4]]
[2020.11.10-09.54.31:719][  0]LogConfig: Setting CVar [[r.AmbientOcclusionMaxQuality:100]]
[2020.11.10-09.54.31:719][  0]LogConfig: Setting CVar [[r.AmbientOcclusionLevels:-1]]
[2020.11.10-09.54.31:719][  0]LogConfig: Setting CVar [[r.AmbientOcclusionRadiusScale:1.0]]
[2020.11.10-09.54.31:719][  0]LogConfig: Setting CVar [[r.DepthOfFieldQuality:2]]
[2020.11.10-09.54.31:719][  0]LogConfig: Setting CVar [[r.RenderTargetPoolMin:400]]
[2020.11.10-09.54.31:719][  0]LogConfig: Setting CVar [[r.LensFlareQuality:2]]
[2020.11.10-09.54.31:719][  0]LogConfig: Setting CVar [[r.SceneColorFringeQuality:1]]
[2020.11.10-09.54.31:719][  0]LogConfig: Setting CVar [[r.EyeAdaptationQuality:2]]
[2020.11.10-09.54.31:719][  0]LogConfig: Setting CVar [[r.BloomQuality:5]]
[2020.11.10-09.54.31:719][  0]LogConfig: Setting CVar [[r.FastBlurThreshold:100]]
[2020.11.10-09.54.31:719][  0]LogConfig: Setting CVar [[r.Upscale.Quality:3]]
[2020.11.10-09.54.31:719][  0]LogConfig: Setting CVar [[r.Tonemapper.GrainQuantization:1]]
[2020.11.10-09.54.31:719][  0]LogConfig: Setting CVar [[r.LightShaftQuality:1]]
[2020.11.10-09.54.31:719][  0]LogConfig: Setting CVar [[r.Filter.SizeScale:1]]
[2020.11.10-09.54.31:719][  0]LogConfig: Setting CVar [[r.Tonemapper.Quality:5]]
[2020.11.10-09.54.31:719][  0]LogConfig: Setting CVar [[r.DOF.Gather.AccumulatorQuality:1        ; higher gathering accumulator quality]]
[2020.11.10-09.54.31:719][  0]LogConfig: Setting CVar [[r.DOF.Gather.PostfilterMethod:1          ; Median3x3 postfilering method]]
[2020.11.10-09.54.31:719][  0]LogConfig: Setting CVar [[r.DOF.Gather.EnableBokehSettings:0       ; no bokeh simulation when gathering]]
[2020.11.10-09.54.31:719][  0]LogConfig: Setting CVar [[r.DOF.Gather.RingCount:4                 ; medium number of samples when gathering]]
[2020.11.10-09.54.31:719][  0]LogConfig: Setting CVar [[r.DOF.Scatter.ForegroundCompositing:1    ; additive foreground scattering]]
[2020.11.10-09.54.31:719][  0]LogConfig: Setting CVar [[r.DOF.Scatter.BackgroundCompositing:2    ; additive background scattering]]
[2020.11.10-09.54.31:719][  0]LogConfig: Setting CVar [[r.DOF.Scatter.EnableBokehSettings:1      ; bokeh simulation when scattering]]
[2020.11.10-09.54.31:719][  0]LogConfig: Setting CVar [[r.DOF.Scatter.MaxSpriteRatio:0.1         ; only a maximum of 10% of scattered bokeh]]
[2020.11.10-09.54.31:719][  0]LogConfig: Setting CVar [[r.DOF.Recombine.Quality:1                ; cheap slight out of focus]]
[2020.11.10-09.54.31:719][  0]LogConfig: Setting CVar [[r.DOF.Recombine.EnableBokehSettings:0    ; no bokeh simulation on slight out of focus]]
[2020.11.10-09.54.31:719][  0]LogConfig: Setting CVar [[r.DOF.TemporalAAQuality:1                ; more stable temporal accumulation]]
[2020.11.10-09.54.31:719][  0]LogConfig: Setting CVar [[r.DOF.Kernel.MaxForegroundRadius:0.025]]
[2020.11.10-09.54.31:719][  0]LogConfig: Setting CVar [[r.DOF.Kernel.MaxBackgroundRadius:0.025]]
[2020.11.10-09.54.31:719][  0]LogConfig: Applying CVar settings from Section [TextureQuality@3] File [C:/Users/sower/Documents/Work/Programming/C++/Unreal Learning/BullCowGame/Saved/Config/Windows/Scalability.ini]
[2020.11.10-09.54.31:719][  0]LogConfig: Setting CVar [[r.Streaming.MipBias:0]]
[2020.11.10-09.54.31:719][  0]LogConfig: Setting CVar [[r.Streaming.AmortizeCPUToGPUCopy:0]]
[2020.11.10-09.54.31:719][  0]LogConfig: Setting CVar [[r.Streaming.MaxNumTexturesToStreamPerFrame:0]]
[2020.11.10-09.54.31:719][  0]LogConfig: Setting CVar [[r.Streaming.Boost:1]]
[2020.11.10-09.54.31:719][  0]LogConfig: Setting CVar [[r.MaxAnisotropy:8]]
[2020.11.10-09.54.31:719][  0]LogConfig: Setting CVar [[r.VT.MaxAnisotropy:8]]
[2020.11.10-09.54.31:719][  0]LogConfig: Setting CVar [[r.Streaming.LimitPoolSizeToVRAM:0]]
[2020.11.10-09.54.31:719][  0]LogConfig: Setting CVar [[r.Streaming.PoolSize:1000]]
[2020.11.10-09.54.31:719][  0]LogConfig: Setting CVar [[r.Streaming.MaxEffectiveScreenSize:0]]
[2020.11.10-09.54.31:719][  0]LogConfig: Applying CVar settings from Section [EffectsQuality@3] File [C:/Users/sower/Documents/Work/Programming/C++/Unreal Learning/BullCowGame/Saved/Config/Windows/Scalability.ini]
[2020.11.10-09.54.31:719][  0]LogConfig: Setting CVar [[r.TranslucencyLightingVolumeDim:64]]
[2020.11.10-09.54.31:719][  0]LogConfig: Setting CVar [[r.RefractionQuality:2]]
[2020.11.10-09.54.31:719][  0]LogConfig: Setting CVar [[r.SSR.Quality:3]]
[2020.11.10-09.54.31:719][  0]LogConfig: Setting CVar [[r.SSR.HalfResSceneColor:0]]
[2020.11.10-09.54.31:719][  0]LogConfig: Setting CVar [[r.SceneColorFormat:4]]
[2020.11.10-09.54.31:719][  0]LogConfig: Setting CVar [[r.DetailMode:2]]
[2020.11.10-09.54.31:719][  0]LogConfig: Setting CVar [[r.TranslucencyVolumeBlur:1]]
[2020.11.10-09.54.31:719][  0]LogConfig: Setting CVar [[r.MaterialQualityLevel:1 ; High quality]]
[2020.11.10-09.54.31:719][  0]LogConfig: Setting CVar [[r.SSS.Scale:1]]
[2020.11.10-09.54.31:719][  0]LogConfig: Setting CVar [[r.SSS.SampleSet:2]]
[2020.11.10-09.54.31:719][  0]LogConfig: Setting CVar [[r.SSS.Quality:1]]
[2020.11.10-09.54.31:719][  0]LogConfig: Setting CVar [[r.SSS.HalfRes:0]]
[2020.11.10-09.54.31:720][  0]LogConfig: Setting CVar [[r.SSGI.Quality:3]]
[2020.11.10-09.54.31:720][  0]LogConfig: Setting CVar [[r.EmitterSpawnRateScale:1.0]]
[2020.11.10-09.54.31:720][  0]LogConfig: Setting CVar [[r.ParticleLightQuality:2]]
[2020.11.10-09.54.31:720][  0]LogConfig: Setting CVar [[r.SkyAtmosphere.AerialPerspectiveLUT.FastApplyOnOpaque:1 ; Always have FastSkyLUT 1 in this case to avoid wrong sky]]
[2020.11.10-09.54.31:720][  0]LogConfig: Setting CVar [[r.SkyAtmosphere.AerialPerspectiveLUT.SampleCountPerSlice:1]]
[2020.11.10-09.54.31:720][  0]LogConfig: Setting CVar [[r.SkyAtmosphere.AerialPerspectiveLUT.DepthResolution:16.0]]
[2020.11.10-09.54.31:720][  0]LogConfig: Setting CVar [[r.SkyAtmosphere.FastSkyLUT:1]]
[2020.11.10-09.54.31:720][  0]LogConfig: Setting CVar [[r.SkyAtmosphere.FastSkyLUT.SampleCountMin:4.0]]
[2020.11.10-09.54.31:720][  0]LogConfig: Setting CVar [[r.SkyAtmosphere.FastSkyLUT.SampleCountMax:32.0]]
[2020.11.10-09.54.31:720][  0]LogConfig: Setting CVar [[r.SkyAtmosphere.SampleCountMin:4.0]]
[2020.11.10-09.54.31:720][  0]LogConfig: Setting CVar [[r.SkyAtmosphere.SampleCountMax:32.0]]
[2020.11.10-09.54.31:720][  0]LogConfig: Setting CVar [[r.SkyAtmosphere.TransmittanceLUT.UseSmallFormat:0]]
[2020.11.10-09.54.31:720][  0]LogConfig: Setting CVar [[r.SkyAtmosphere.TransmittanceLUT.SampleCount:10.0]]
[2020.11.10-09.54.31:720][  0]LogConfig: Setting CVar [[r.SkyAtmosphere.MultiScatteringLUT.SampleCount:15.0]]
[2020.11.10-09.54.31:720][  0]LogConfig: Applying CVar settings from Section [FoliageQuality@3] File [C:/Users/sower/Documents/Work/Programming/C++/Unreal Learning/BullCowGame/Saved/Config/Windows/Scalability.ini]
[2020.11.10-09.54.31:720][  0]LogConfig: Setting CVar [[foliage.DensityScale:1.0]]
[2020.11.10-09.54.31:720][  0]LogConfig: Setting CVar [[grass.DensityScale:1.0]]
[2020.11.10-09.54.31:720][  0]LogConfig: Applying CVar settings from Section [ShadingQuality@3] File [C:/Users/sower/Documents/Work/Programming/C++/Unreal Learning/BullCowGame/Saved/Config/Windows/Scalability.ini]
[2020.11.10-09.54.31:720][  0]LogConfig: Setting CVar [[r.HairStrands.SkyLighting.SampleCount:16]]
[2020.11.10-09.54.31:720][  0]LogConfig: Setting CVar [[r.HairStrands.SkyLighting.JitterIntegration:0]]
[2020.11.10-09.54.31:720][  0]LogConfig: Setting CVar [[r.HairStrands.SkyAO.SampleCount:16]]
[2020.11.10-09.54.31:720][  0]LogConfig: Setting CVar [[r.HairStrands.DeepShadow.SuperSampling:0]]
[2020.11.10-09.54.31:720][  0]LogConfig: Setting CVar [[r.HairStrands.VisibilityPPLL:0]]
[2020.11.10-09.54.31:720][  0]LogConfig: Setting CVar [[r.HairStrands.RasterizationScale:0.5]]
[2020.11.10-09.54.31:720][  0]LogConfig: Setting CVar [[r.HairStrands.VelocityRasterizationScale:1]]
[2020.11.10-09.54.31:720][  0]LogConfig: Applying CVar settings from Section [Startup] File [../../../Engine/Config/ConsoleVariables.ini]
[2020.11.10-09.54.31:720][  0]LogConfig: Setting CVar [[net.UseAdaptiveNetUpdateFrequency:0]]
[2020.11.10-09.54.31:720][  0]LogConfig: Setting CVar [[p.chaos.AllowCreatePhysxBodies:1]]
[2020.11.10-09.54.31:720][  0]LogConfig: Setting CVar [[fx.SkipVectorVMBackendOptimizations:1]]
[2020.11.10-09.54.31:720][  0]LogConfig: Applying CVar settings from Section [ConsoleVariables] File [C:/Users/sower/Documents/Work/Programming/C++/Unreal Learning/BullCowGame/Saved/Config/Windows/Engine.ini]
[2020.11.10-09.54.31:720][  0]LogInit: Computer: DESKTOP-T89L5CQ
[2020.11.10-09.54.31:720][  0]LogInit: User: sower
[2020.11.10-09.54.31:720][  0]LogInit: CPU Page size=4096, Cores=8
[2020.11.10-09.54.31:720][  0]LogInit: High frequency timer resolution =10.000000 MHz
[2020.11.10-09.54.31:720][  0]LogMemory: Memory total: Physical=31.9GB (32GB approx)
[2020.11.10-09.54.31:720][  0]LogMemory: Platform Memory Stats for Windows
[2020.11.10-09.54.31:720][  0]LogMemory: Process Physical Memory: 120.59 MB used, 120.59 MB peak
[2020.11.10-09.54.31:721][  0]LogMemory: Process Virtual Memory: 106.72 MB used, 106.72 MB peak
[2020.11.10-09.54.31:721][  0]LogMemory: Physical Memory: 7722.65 MB used,  24966.12 MB free, 32688.77 MB total
[2020.11.10-09.54.31:721][  0]LogMemory: Virtual Memory: 5255.51 MB used,  134212472.00 MB free, 134217728.00 MB total
[2020.11.10-09.54.31:726][  0]LogWindows: WindowsPlatformFeatures enabled
[2020.11.10-09.54.31:779][  0]LogInit: Physics initialised using underlying interface: PhysX
[2020.11.10-09.54.31:780][  0]LogInit: Using OS detected language (en-GB).
[2020.11.10-09.54.31:780][  0]LogInit: Using OS detected locale (en-GB).
[2020.11.10-09.54.31:785][  0]LogTextLocalizationManager: No specific localization for 'en-GB' exists, so the 'en' localization will be used.
[2020.11.10-09.54.31:999][  0]LogInit: Setting process to per monitor DPI aware
[2020.11.10-09.54.32:035][  0]LogSlate: New Slate User Created.  User Index 0, Is Virtual User: 0
[2020.11.10-09.54.32:035][  0]LogSlate: Slate User Registered.  User Index 0, Is Virtual User: 0
[2020.11.10-09.54.32:184][  0]LogHMD: Failed to initialize OpenVR with code 110
[2020.11.10-09.54.32:184][  0]LogD3D11RHI: D3D11 min allowed feature level: 11_0
[2020.11.10-09.54.32:184][  0]LogD3D11RHI: D3D11 max allowed feature level: 11_0
[2020.11.10-09.54.32:184][  0]LogD3D11RHI: D3D11 adapters:
[2020.11.10-09.54.32:272][  0]LogD3D11RHI:    0. 'NVIDIA GeForce RTX 2080' (Feature Level 11_0)
[2020.11.10-09.54.32:272][  0]LogD3D11RHI:       8010/0/16344 MB DedicatedVideo/DedicatedSystem/SharedSystem, Outputs:1, VendorId:0x10de
[2020.11.10-09.54.32:274][  0]LogD3D11RHI:    1. 'Microsoft Basic Render Driver' (Feature Level 11_0)
[2020.11.10-09.54.32:274][  0]LogD3D11RHI:       0/0/16344 MB DedicatedVideo/DedicatedSystem/SharedSystem, Outputs:0, VendorId:0x1414
[2020.11.10-09.54.32:274][  0]LogD3D11RHI: Chosen D3D11 Adapter: 0
[2020.11.10-09.54.32:281][  0]LogD3D11RHI: Creating new Direct3DDevice
[2020.11.10-09.54.32:282][  0]LogD3D11RHI:     GPU DeviceId: 0x1e87 (for the marketing name, search the web for "GPU Device Id")
[2020.11.10-09.54.32:282][  0]LogWindows: EnumDisplayDevices:
[2020.11.10-09.54.32:282][  0]LogWindows:    0. 'NVIDIA GeForce RTX 2080' (P:1 D:1)
[2020.11.10-09.54.32:282][  0]LogWindows:    1. 'NVIDIA GeForce RTX 2080' (P:0 D:0)
[2020.11.10-09.54.32:282][  0]LogWindows:    2. 'NVIDIA GeForce RTX 2080' (P:0 D:0)
[2020.11.10-09.54.32:282][  0]LogWindows:    3. 'NVIDIA GeForce RTX 2080' (P:0 D:0)
[2020.11.10-09.54.32:283][  0]LogWindows: DebugString: FoundDriverCount:4 
[2020.11.10-09.54.32:283][  0]LogD3D11RHI:     Adapter Name: NVIDIA GeForce RTX 2080
[2020.11.10-09.54.32:283][  0]LogD3D11RHI:   Driver Version: 457.09 (internal:27.21.14.5709, unified:457.09)
[2020.11.10-09.54.32:283][  0]LogD3D11RHI:      Driver Date: 10-22-2020
[2020.11.10-09.54.32:283][  0]LogRHI: Texture pool is 5607 MB (70% of 8010 MB)
[2020.11.10-09.54.32:338][  0]LogD3D11RHI: RHI has support for 64 bit atomics
[2020.11.10-09.54.32:338][  0]LogD3D11RHI: Async texture creation enabled
[2020.11.10-09.54.32:338][  0]LogD3D11RHI: Array index from any shader is supported
[2020.11.10-09.54.32:368][  0]LogD3D11RHI: GPU Timing Frequency: 1000.000000 (Debug: 2 1)
[2020.11.10-09.54.32:624][  0]LogTargetPlatformManager: Display: Loaded TargetPlatform 'AllDesktop'
[2020.11.10-09.54.32:649][  0]LogTargetPlatformManager: Display: Loaded TargetPlatform 'Android'
[2020.11.10-09.54.32:649][  0]LogTargetPlatformManager: Display: Loaded TargetPlatform 'Android_ASTC'
[2020.11.10-09.54.32:649][  0]LogTargetPlatformManager: Display: Loaded TargetPlatform 'Android_DXT'
[2020.11.10-09.54.32:649][  0]LogTargetPlatformManager: Display: Loaded TargetPlatform 'Android_ETC2'
[2020.11.10-09.54.32:649][  0]LogTargetPlatformManager: Display: Loaded TargetPlatform 'AndroidClient'
[2020.11.10-09.54.32:649][  0]LogTargetPlatformManager: Display: Loaded TargetPlatform 'Android_ASTCClient'
[2020.11.10-09.54.32:649][  0]LogTargetPlatformManager: Display: Loaded TargetPlatform 'Android_DXTClient'
[2020.11.10-09.54.32:649][  0]LogTargetPlatformManager: Display: Loaded TargetPlatform 'Android_ETC2Client'
[2020.11.10-09.54.32:649][  0]LogTargetPlatformManager: Display: Loaded TargetPlatform 'Android_Multi'
[2020.11.10-09.54.32:649][  0]LogTargetPlatformManager: Display: Loaded TargetPlatform 'Android_MultiClient'
[2020.11.10-09.54.32:677][  0]LogTargetPlatformManager: Display: Loaded TargetPlatform 'IOSClient'
[2020.11.10-09.54.32:677][  0]LogTargetPlatformManager: Display: Loaded TargetPlatform 'IOS'
[2020.11.10-09.54.32:691][  0]LogTargetPlatformManager: Display: Loaded TargetPlatform 'Linux'
[2020.11.10-09.54.32:703][  0]LogTargetPlatformManager: Display: Loaded TargetPlatform 'LinuxNoEditor'
[2020.11.10-09.54.32:715][  0]LogTargetPlatformManager: Display: Loaded TargetPlatform 'LinuxClient'
[2020.11.10-09.54.32:728][  0]LogTargetPlatformManager: Display: Loaded TargetPlatform 'LinuxServer'
[2020.11.10-09.54.32:740][  0]LogTargetPlatformManager: Display: Loaded TargetPlatform 'LinuxAArch64NoEditor'
[2020.11.10-09.54.32:752][  0]LogTargetPlatformManager: Display: Loaded TargetPlatform 'LinuxAArch64Client'
[2020.11.10-09.54.32:765][  0]LogTargetPlatformManager: Display: Loaded TargetPlatform 'LinuxAArch64Server'
[2020.11.10-09.54.32:800][  0]LogTargetPlatformManager: Display: Loaded TargetPlatform 'Lumin'
[2020.11.10-09.54.32:800][  0]LogTargetPlatformManager: Display: Loaded TargetPlatform 'LuminClient'
[2020.11.10-09.54.32:821][  0]LogTargetPlatformManager: Display: Loaded TargetPlatform 'TVOSClient'
[2020.11.10-09.54.32:821][  0]LogTargetPlatformManager: Display: Loaded TargetPlatform 'TVOS'
[2020.11.10-09.54.32:833][  0]LogTargetPlatformManager: Display: Loaded TargetPlatform 'WindowsNoEditor'
[2020.11.10-09.54.32:847][  0]LogTargetPlatformManager: Display: Loaded TargetPlatform 'Windows'
[2020.11.10-09.54.32:859][  0]LogTargetPlatformManager: Display: Loaded TargetPlatform 'WindowsClient'
[2020.11.10-09.54.32:869][  0]LogTargetPlatformManager: Display: Loaded TargetPlatform 'WindowsServer'
[2020.11.10-09.54.32:869][  0]LogTargetPlatformManager: Display: Building Assets For Windows
[2020.11.10-09.54.32:878][  0]LogAudioDebug: Display: Lib vorbis DLL was dynamically loaded.
[2020.11.10-09.54.32:947][  0]LogShaderCompilers: Guid format shader working directory is -43 characters bigger than the processId version (../../../../../../Users/sower/Documents/Work/Programming/C++/Unreal Learning/BullCowGame/Intermediate/Shaders/WorkingDirectory/12872/).
[2020.11.10-09.54.32:948][  0]LogShaderCompilers: Cleaned the shader compiler working directory 'C:/Users/sower/AppData/Local/Temp/UnrealShaderWorkingDir/EB446E5D4EC6013F18081685C51E7211/'.
[2020.11.10-09.54.32:948][  0]LogXGEController: Cleaning working directory: C:/Users/sower/AppData/Local/Temp/UnrealXGEWorkingDir/
[2020.11.10-09.54.32:948][  0]LogXGEController: Cannot use XGE Controller as Incredibuild is not installed on this machine.
[2020.11.10-09.54.32:948][  0]LogShaderCompilers: Cannot use XGE Shader Compiler as Incredibuild is not installed on this machine.
[2020.11.10-09.54.32:948][  0]LogShaderCompilers: Display: Using Local Shader Compiler.
[2020.11.10-09.54.33:662][  0]LogDerivedDataCache: Display: Max Cache Size: 512 MB
[2020.11.10-09.54.33:712][  0]LogDerivedDataCache: Loaded boot cache 0.05s 76MB C:/Users/sower/AppData/Local/UnrealEngine/4.25/DerivedDataCache/Boot.ddc.
[2020.11.10-09.54.33:712][  0]LogDerivedDataCache: Display: Loaded Boot cache: C:/Users/sower/AppData/Local/UnrealEngine/4.25/DerivedDataCache/Boot.ddc
[2020.11.10-09.54.33:712][  0]LogDerivedDataCache: FDerivedDataBackendGraph:  Pak pak cache file ../../../../../../Users/sower/Documents/Work/Programming/C++/Unreal Learning/BullCowGame/DerivedDataCache/DDC.ddp not found, will not use a pak cache.
[2020.11.10-09.54.33:712][  0]LogDerivedDataCache: Unable to find inner node Pak for hierarchical cache Hierarchy.
[2020.11.10-09.54.33:713][  0]LogDerivedDataCache: FDerivedDataBackendGraph:  CompressedPak pak cache file ../../../../../../Users/sower/Documents/Work/Programming/C++/Unreal Learning/BullCowGame/DerivedDataCache/Compressed.ddp not found, will not use a pak cache.
[2020.11.10-09.54.33:713][  0]LogDerivedDataCache: Unable to find inner node CompressedPak for hierarchical cache Hierarchy.
[2020.11.10-09.54.33:723][  0]LogDerivedDataCache: Display: Pak cache opened for reading ../../../Engine/DerivedDataCache/Compressed.ddp.
[2020.11.10-09.54.33:723][  0]LogDerivedDataCache: FDerivedDataBackendGraph:  EnterprisePak pak cache file ../../../Enterprise/DerivedDataCache/Compressed.ddp not found, will not use a pak cache.
[2020.11.10-09.54.33:723][  0]LogDerivedDataCache: Unable to find inner node EnterprisePak for hierarchical cache Hierarchy.
[2020.11.10-09.54.33:724][  0]LogDerivedDataCache: Using Local data cache path C:/Users/sower/AppData/Local/UnrealEngine/Common/DerivedDataCache: Writable
[2020.11.10-09.54.33:725][  0]LogDerivedDataCache: Shared data cache path not found in *engine.ini, will not use an Shared cache.
[2020.11.10-09.54.33:725][  0]LogDerivedDataCache: Unable to find inner node Shared for hierarchical cache Hierarchy.
[2020.11.10-09.54.33:773][  0]LogSlate: Using FreeType 2.10.0
[2020.11.10-09.54.33:774][  0]LogSlate: SlateFontServices - WITH_FREETYPE: 1, WITH_HARFBUZZ: 1
[2020.11.10-09.54.33:795][  0]LogAssetRegistry: FAssetRegistry took 0.0025 seconds to start up
[2020.11.10-09.54.34:054][  0]LogInit: Selected Device Profile: [Windows]
[2020.11.10-09.54.34:168][  0]LogMeshReduction: Using QuadricMeshReduction for automatic static mesh reduction
[2020.11.10-09.54.34:168][  0]LogMeshReduction: Using SimplygonMeshReduction for automatic skeletal mesh reduction
[2020.11.10-09.54.34:168][  0]LogMeshReduction: Using ProxyLODMeshReduction for automatic mesh merging
[2020.11.10-09.54.34:168][  0]LogMeshReduction: No distributed automatic mesh merging module available
[2020.11.10-09.54.34:168][  0]LogMeshMerging: No distributed automatic mesh merging module available
[2020.11.10-09.54.34:184][  0]LogNetVersion: BullCowGame 1.0.0, NetCL: 13144385, EngineNetVer: 14, GameNetVer: 0 (Checksum: 3293675825)
[2020.11.10-09.54.34:594][  0]LogAISub: UAISubsystem::UAISubsystem AISubsystem (000001D86D5F9500), frame # 0
[2020.11.10-09.54.34:594][  0]LogAISub: UAISubsystem::UAISubsystem AIPerceptionSystem (000001D86D550F40), frame # 0
[2020.11.10-09.54.34:596][  0]LogAISub: UAISubsystem::UAISubsystem EnvQueryManager (000001D86D5B4A00), frame # 0
[2020.11.10-09.54.34:677][  0]LogPackageLocalizationCache: Processed 19 localized package path(s) for 1 prioritized culture(s) in 0.074620 seconds
[2020.11.10-09.54.34:684][  0]LogUObjectArray: 15913 objects as part of root set at end of initial load.
[2020.11.10-09.54.34:684][  0]LogUObjectAllocator: 3964304 out of 0 bytes used by permanent object pool.
[2020.11.10-09.54.34:684][  0]LogUObjectArray: CloseDisregardForGC: 0/0 objects in disregard for GC pool
[2020.11.10-09.54.35:113][  0]LogTcpMessaging: Initializing TcpMessaging bridge
[2020.11.10-09.54.35:120][  0]LogUdpMessaging: Initializing bridge on interface 0.0.0.0:0 to multicast group 230.0.0.1:6666.
[2020.11.10-09.54.35:238][  0]SourceControl: Source control is disabled
[2020.11.10-09.54.35:238][  0]SourceControl: Source control is disabled
[2020.11.10-09.54.35:243][  0]SourceControl: Source control is disabled
[2020.11.10-09.54.35:248][  0]SourceControl: Source control is disabled
[2020.11.10-09.54.35:256][  0]SourceControl: Source control is disabled
[2020.11.10-09.54.35:578][  0]LogAndroidPermission: UAndroidPermissionCallbackProxy::GetInstance
[2020.11.10-09.54.35:605][  0]LogAudioCaptureCore: Display: No Audio Capture implementations found. Audio input will be silent.
[2020.11.10-09.54.35:605][  0]LogAudioCaptureCore: Display: No Audio Capture implementations found. Audio input will be silent.
[2020.11.10-09.54.35:670][  0]LogOcInput: OculusInput pre-init called
[2020.11.10-09.54.35:685][  0]LogWindows: Failed to load 'OVRPlugin.dll' (GetLastError=126)
[2020.11.10-09.54.35:685][  0]LogWindows: File 'OVRPlugin.dll' does not exist
[2020.11.10-09.54.35:756][  0]LogEngine: Initializing Engine...
[2020.11.10-09.54.35:757][  0]LogHMD: Failed to initialize OpenVR with code 110
[2020.11.10-09.54.35:757][  0]LogMagicLeap: Warning: VR disabled because ZI is not enabled.  To enable, in the editor, Edit -> Project Settings -> Plugins -> Magic Leap Plugin -> Enable Zero Iteration
[2020.11.10-09.54.35:758][  0]LogStats: UGameplayTagsManager::InitializeManager -  0.000 s
[2020.11.10-09.54.35:885][  0]LogInit: Initializing FReadOnlyCVARCache
[2020.11.10-09.54.35:893][  0]LogAIModule: Creating AISystem for world Untitled
[2020.11.10-09.54.35:893][  0]LogAISub: UAISubsystem::UAISubsystem EnvQueryManager (000001D875597C00), frame # 0
[2020.11.10-09.54.35:893][  0]LogAISub: UAISubsystem::UAISubsystem AIPerceptionSystem (000001D8755F2980), frame # 0
[2020.11.10-09.54.35:898][  0]LogAudioMixer: Display: Audio Mixer Platform Settings:
[2020.11.10-09.54.35:898][  0]LogAudioMixer: Display: 	Sample Rate:						  48000
[2020.11.10-09.54.35:898][  0]LogAudioMixer: Display: 	Callback Buffer Frame Size Requested: 1024
[2020.11.10-09.54.35:898][  0]LogAudioMixer: Display: 	Callback Buffer Frame Size To Use:	  1024
[2020.11.10-09.54.35:898][  0]LogAudioMixer: Display: 	Number of buffers to queue:			  2
[2020.11.10-09.54.35:898][  0]LogAudioMixer: Display: 	Max Channels (voices):				  32
[2020.11.10-09.54.35:898][  0]LogAudioMixer: Display: 	Number of Async Source Workers:		  0
[2020.11.10-09.54.35:898][  0]LogAudio: Display: AudioDevice MaxSources: 32
[2020.11.10-09.54.35:898][  0]LogAudio: Display: Using built-in audio occlusion.
[2020.11.10-09.54.35:898][  0]LogAudioMixer: Display: Initializing audio mixer.
[2020.11.10-09.54.35:909][  0]LogAudioMixer: Display: 0: FrontLeft
[2020.11.10-09.54.35:909][  0]LogAudioMixer: Display: 1: FrontRight
[2020.11.10-09.54.35:939][  0]LogAudioMixer: Display: Using Audio Device Headphones (High Definition Audio Device)
[2020.11.10-09.54.35:939][  0]LogAudioMixer: Display: Initializing Sound Submixes...
[2020.11.10-09.54.35:941][  0]LogAudioMixer: Display: Creating Master Submix 'MasterSubmixDefault'
[2020.11.10-09.54.35:942][  0]LogAudioMixer: Display: Creating Master Submix 'MasterReverbSubmixDefault'
[2020.11.10-09.54.35:942][  0]LogAudioMixer: Display: Creating Master Submix 'MasterEQSubmixDefault'
[2020.11.10-09.54.35:943][  0]LogInit: FAudioDevice initialized.
[2020.11.10-09.54.35:943][  0]LogNetVersion: Set ProjectVersion to 1.0.0.0. Version Checksum will be recalculated on next use.
[2020.11.10-09.54.36:024][  0]LogDerivedDataCache: Saved boot cache 0.08s 75MB C:/Users/sower/AppData/Local/UnrealEngine/4.25/DerivedDataCache/Boot.ddc.
[2020.11.10-09.54.36:029][  0]LogInit: Texture streaming: Enabled
[2020.11.10-09.54.36:051][  0]LogEngineSessionManager: EngineSessionManager initialized
[2020.11.10-09.54.36:051][  0]LogEditorSessionSummary: Verbose: Initializing EditorSessionSummaryWriter for editor session tracking
[2020.11.10-09.54.36:052][  0]LogEditorSessionSummary: EditorSessionSummaryWriter initialized
[2020.11.10-09.54.36:127][  0]LogInit: Transaction tracking system initialized
[2020.11.10-09.54.36:158][  0]BlueprintLog: New page: Editor Load
[2020.11.10-09.54.36:244][  0]LocalizationService: Localization service is disabled
[2020.11.10-09.54.36:404][  0]LogCook: Display: Max memory allowance for cook 16384mb min free memory 0mb
[2020.11.10-09.54.36:404][  0]LogCook: Display: Mobile HDR setting 1
[2020.11.10-09.54.36:561][  0]LogFileCache: Scanning file cache for directory 'C:/Users/sower/Documents/Work/Programming/C++/Unreal Learning/BullCowGame/Content/' took 0.00s
[2020.11.10-09.54.36:738][  0]SourceControl: Source control is disabled
[2020.11.10-09.54.36:738][  0]LogUnrealEdMisc: Loading editor; pre map load, took 55.755
[2020.11.10-09.54.36:739][  0]Cmd: MAP LOAD FILE="../../../../../../Users/sower/Documents/Work/Programming/C++/Unreal Learning/BullCowGame/Content/Levels/Level1.umap" TEMPLATE=0 SHOWPROGRESS=1 FEATURELEVEL=3
[2020.11.10-09.54.36:739][  0]LightingResults: New page: Lighting Build
[2020.11.10-09.54.36:740][  0]LogWorld: UWorld::CleanupWorld for Untitled, bSessionEnded=true, bCleanupResources=true
[2020.11.10-09.54.36:740][  0]LogSlate: InvalidateAllWidgets triggered.  All widgets were invalidated
[2020.11.10-09.54.36:740][  0]MapCheck: New page: Map Check
[2020.11.10-09.54.36:740][  0]LightingResults: New page: Lighting Build
[2020.11.10-09.54.36:755][  0]LogAISub: UAISubsystem::~UAISubsystem EnvQueryManager (000001D875597C00), frame # 0
[2020.11.10-09.54.36:755][  0]LogAISub: UAISubsystem::~UAISubsystem AIPerceptionSystem (000001D8755F2980), frame # 0
[2020.11.10-09.54.36:756][  0]LogUObjectHash: Compacting FUObjectHashTables data took   0.75ms
[2020.11.10-09.54.36:960][  0]LogAIModule: Creating AISystem for world Level1
[2020.11.10-09.54.36:960][  0]LogAISub: UAISubsystem::UAISubsystem EnvQueryManager (000001D8681FCA00), frame # 0
[2020.11.10-09.54.36:960][  0]LogAISub: UAISubsystem::UAISubsystem AIPerceptionSystem (000001D860FEDD00), frame # 0
[2020.11.10-09.54.36:990][  0]LogEditorServer: Finished looking for orphan Actors (0.000 secs)
[2020.11.10-09.54.37:004][  0]LogUObjectHash: Compacting FUObjectHashTables data took   0.75ms
[2020.11.10-09.54.37:004][  0]Cmd: MAP CHECKDEP NOCLEARLOG
[2020.11.10-09.54.37:005][  0]MapCheck: Map check complete: 0 Error(s), 0 Warning(s), took 0.184ms to complete.
[2020.11.10-09.54.37:005][  0]LogFileHelpers: Loading map 'Level1' took 0.266
[2020.11.10-09.54.37:007][  0]LogUnrealEdMisc: Total Editor Startup Time, took 56.023
[2020.11.10-09.54.37:107][  0]LogSlate: Updating window title bar state: overlay mode, drag disabled, window buttons hidden, title bar hidden
[2020.11.10-09.54.37:115][  0]LogSlate: Updating window title bar state: overlay mode, drag disabled, window buttons hidden, title bar hidden
[2020.11.10-09.54.37:123][  0]LogSlate: Updating window title bar state: overlay mode, drag disabled, window buttons hidden, title bar hidden
[2020.11.10-09.54.37:130][  0]LogSlate: Updating window title bar state: overlay mode, drag disabled, window buttons hidden, title bar hidden
[2020.11.10-09.54.37:138][  0]LogCollectionManager: Loaded 0 collections in 0.002086 seconds
[2020.11.10-09.54.37:155][  0]LogFileCache: Scanning file cache for directory 'C:/Users/sower/Documents/Work/Programming/C++/Unreal Learning/BullCowGame/Saved/Collections/' took 0.00s
[2020.11.10-09.54.37:155][  0]LogFileCache: Scanning file cache for directory 'C:/Users/sower/Documents/Work/Programming/C++/Unreal Learning/BullCowGame/Content/Developers/sower/Collections/' took 0.00s
[2020.11.10-09.54.37:155][  0]LogFileCache: Scanning file cache for directory 'C:/Users/sower/Documents/Work/Programming/C++/Unreal Learning/BullCowGame/Content/Collections/' took 0.00s
[2020.11.10-09.54.37:155][  0]LogContentBrowser: Native class hierarchy populated in 0.0105 seconds. Added 3431 classes and 824 folders.
[2020.11.10-09.54.37:158][  0]LogContentBrowser: Native class hierarchy updated for 'WidgetCarousel' in 0.0004 seconds. Added 0 classes and 0 folders.
[2020.11.10-09.54.37:214][  0]LogContentBrowser: Native class hierarchy updated for 'AddContentDialog' in 0.0004 seconds. Added 0 classes and 0 folders.
[2020.11.10-09.54.37:215][  0]LogContentBrowser: Native class hierarchy updated for 'SceneOutliner' in 0.0003 seconds. Added 2 classes and 0 folders.
[2020.11.10-09.54.37:237][  0]LogSlate: Took 0.000235 seconds to synchronously load lazily loaded font '../../../Engine/Content/Slate/Fonts/Roboto-Regular.ttf' (155K)
[2020.11.10-09.54.37:239][  0]LogSlate: Took 0.000109 seconds to synchronously load lazily loaded font '../../../Engine/Content/Slate/Fonts/Roboto-Bold.ttf' (160K)
[2020.11.10-09.54.37:244][  0]LogSlate: Took 0.000163 seconds to synchronously load lazily loaded font '../../../Engine/Content/Editor/Slate/Fonts/FontAwesome.ttf' (139K)
[2020.11.10-09.54.37:295][  0]LogRenderer: Reallocating scene render targets to support 1616x808 Format 10 NumSamples 1 (Frame:1).
[2020.11.10-09.54.37:404][  0]LogContentBrowser: Native class hierarchy updated for 'HierarchicalLODOutliner' in 0.0005 seconds. Added 0 classes and 0 folders.
[2020.11.10-09.54.37:404][  0]LogLoad: (Engine Initialization) Total time: 56.42 seconds
[2020.11.10-09.54.37:404][  0]LogLoad: (Engine Initialization) Total Blueprint compile time: 0.00 seconds
[2020.11.10-09.54.37:442][  0]LogAssetRegistry: Asset discovery search completed in 3.6469 seconds
[2020.11.10-09.54.37:446][  0]LogCollectionManager: Fixed up redirectors for 0 collections in 0.000002 seconds (updated 0 objects)
[2020.11.10-09.54.37:454][  0]LogContentStreaming: Texture pool size now 1000 MB
[2020.11.10-09.54.37:483][  1]LogFileCache: Retrieving MD5 hashes for directory 'C:/Users/sower/Documents/Work/Programming/C++/Unreal Learning/BullCowGame/Content/' took 0.07s
[2020.11.10-09.54.39:409][211]Candidate modules for hot reload:
[2020.11.10-09.54.39:409][211]  BullCowGame
[2020.11.10-09.54.39:409][211]Launching UnrealBuildTool... [C:/Program Files/Epic Games/UE_4.25/Engine/Binaries/DotNET/UnrealBuildTool.exe  -ModuleWithSuffix=BullCowGame,552 BullCowGameEditor Win64 Development -Project="C:/Users/sower/Documents/Work/Programming/C++/Unreal Learning/BullCowGame/BullCowGame.uproject" "C:/Users/sower/Documents/Work/Programming/C++/Unreal Learning/BullCowGame/BullCowGame.uproject"  -IgnoreJunk]
[2020.11.10-09.54.39:411][211]Warning: Starting HotReload took  0.0s.
[2020.11.10-09.54.41:587][359]CompilerResultsLog: New page: Compilation - 10 Nov 2020, 09:54:41
[2020.11.10-09.54.41:587][359]CompilerResultsLog: Using 'git status' to determine working set for adaptive non-unity build (C:\Users\sower\Documents\Work\Programming\C++\Unreal Learning\BullCowGame).
[2020.11.10-09.54.41:587][359]CompilerResultsLog: Building BullCowGameEditor...
[2020.11.10-09.54.41:587][359]CompilerResultsLog: Using Visual Studio 2017 14.16.27025 toolchain (C:\Program Files (x86)\Microsoft Visual Studio\2017\Community\VC\Tools\MSVC\14.16.27023) and Windows 10.0.17763.0 SDK (C:\Program Files (x86)\Windows Kits\10).
[2020.11.10-09.54.41:587][359]CompilerResultsLog: [Upgrade]
[2020.11.10-09.54.41:587][359]CompilerResultsLog: [Upgrade] Using backward-compatible build settings. The latest version of UE4 sets the following values by default, which may require code changes:
[2020.11.10-09.54.41:587][359]CompilerResultsLog: [Upgrade]     bLegacyPublicIncludePaths = false                 => Omits subfolders from public include paths to reduce compiler command line length. (Previously: true).
[2020.11.10-09.54.41:587][359]CompilerResultsLog: [Upgrade]     ShadowVariableWarningLevel = WarningLevel.Error   => Treats shadowed variable warnings as errors. (Previously: WarningLevel.Warning).
[2020.11.10-09.54.41:587][359]CompilerResultsLog: [Upgrade]     PCHUsage = PCHUsageMode.UseExplicitOrSharedPCHs   => Set in build.cs files to enables IWYU-style PCH model. See https://docs.unrealengine.com/en-US/Programming/BuildTools/UnrealBuildTool/IWYU/index.html. (Previously: PCHUsageMode.UseSharedPCHs).
[2020.11.10-09.54.41:587][359]CompilerResultsLog: [Upgrade] Suppress this message by setting 'DefaultBuildSettings = BuildSettingsVersion.V2;' in BullCowGameEditor.Target.cs, and explicitly overriding settings that differ from the new defaults.
[2020.11.10-09.54.41:587][359]CompilerResultsLog: [Upgrade]
[2020.11.10-09.54.41:587][359]CompilerResultsLog: Building 3 actions with 16 processes...
[2020.11.10-09.54.41:587][359]CompilerResultsLog:   [1/3] UE4Editor-BullCowGame-0552.lib
[2020.11.10-09.54.41:587][359]CompilerResultsLog:      Creating library C:\Users\sower\Documents\Work\Programming\C++\Unreal Learning\BullCowGame\Intermediate\Build\Win64\UE4Editor\Development\BullCowGame\UE4Editor-BullCowGame-0552.lib and object C:\Users\sower\Documents\Work\Programming\C++\Unreal Learning\BullCowGame\Intermediate\Build\Win64\UE4Editor\Development\BullCowGame\UE4Editor-BullCowGame-0552.exp
[2020.11.10-09.54.41:588][359]CompilerResultsLog:   [2/3] UE4Editor-BullCowGame-0552.dll
[2020.11.10-09.54.41:588][359]CompilerResultsLog:      Creating library C:\Users\sower\Documents\Work\Programming\C++\Unreal Learning\BullCowGame\Intermediate\Build\Win64\UE4Editor\Development\BullCowGame\UE4Editor-BullCowGame-0552.suppressed.lib and object C:\Users\sower\Documents\Work\Programming\C++\Unreal Learning\BullCowGame\Intermediate\Build\Win64\UE4Editor\Development\BullCowGame\UE4Editor-BullCowGame-0552.suppressed.exp
[2020.11.10-09.54.41:588][359]CompilerResultsLog:   [3/3] BullCowGameEditor.target
[2020.11.10-09.54.41:588][359]CompilerResultsLog: Total time in Parallel executor: 1.36 seconds
[2020.11.10-09.54.41:588][359]CompilerResultsLog: Total execution time: 2.09 seconds
[2020.11.10-09.54.41:588][359]LogMainFrame: MainFrame: Module compiling took 2.200 seconds
[2020.11.10-09.54.41:603][359]LogContentBrowser: Native class hierarchy populated in 0.0104 seconds. Added 3431 classes and 824 folders.
[2020.11.10-09.54.41:603][359]Display: HotReload took  2.2s.
[2020.11.10-09.54.43:217][471]LogTemp: Repeating last play command: Selected Viewport
[2020.11.10-09.54.43:235][471]LogPlayLevel: PlayLevel: No blueprints needed recompiling
[2020.11.10-09.54.43:235][471]PIE: New page: PIE session: Level1 (10 Nov 2020, 09:54:43)
[2020.11.10-09.54.43:236][471]LogOnline: OSS: Creating online subsystem instance for: NULL
[2020.11.10-09.54.43:238][471]LogOnline: OSS: TryLoadSubsystemAndSetDefault: Loaded subsystem for module [NULL]
[2020.11.10-09.54.43:238][471]LogPlayLevel: Creating play world package: /Game/Levels/UEDPIE_0_Level1
[2020.11.10-09.54.43:268][471]LogPlayLevel: PIE: StaticDuplicateObject took: (0.030024s)
[2020.11.10-09.54.43:269][471]LogAIModule: Creating AISystem for world Level1
[2020.11.10-09.54.43:269][471]LogAISub: UAISubsystem::UAISubsystem EnvQueryManager (000001D819CDD000), frame # 471
[2020.11.10-09.54.43:269][471]LogAISub: UAISubsystem::UAISubsystem AIPerceptionSystem (000001D86844A340), frame # 471
[2020.11.10-09.54.43:269][471]LogPlayLevel: PIE: World Init took: (0.001079s)
[2020.11.10-09.54.43:269][471]LogPlayLevel: PIE: Created PIE world by copying editor world from /Game/Levels/Level1.Level1 to /Game/Levels/UEDPIE_0_Level1.Level1 (0.031235s)
[2020.11.10-09.54.43:297][471]LogUObjectHash: Compacting FUObjectHashTables data took   0.57ms
[2020.11.10-09.54.43:299][471]LogAudioMixer: Display: Audio Mixer Platform Settings:
[2020.11.10-09.54.43:299][471]LogAudioMixer: Display: 	Sample Rate:						  48000
[2020.11.10-09.54.43:299][471]LogAudioMixer: Display: 	Callback Buffer Frame Size Requested: 1024
[2020.11.10-09.54.43:299][471]LogAudioMixer: Display: 	Callback Buffer Frame Size To Use:	  1024
[2020.11.10-09.54.43:299][471]LogAudioMixer: Display: 	Number of buffers to queue:			  2
[2020.11.10-09.54.43:299][471]LogAudioMixer: Display: 	Max Channels (voices):				  32
[2020.11.10-09.54.43:299][471]LogAudioMixer: Display: 	Number of Async Source Workers:		  0
[2020.11.10-09.54.43:299][471]LogAudio: Display: AudioDevice MaxSources: 32
[2020.11.10-09.54.43:299][471]LogAudio: Display: Using built-in audio occlusion.
[2020.11.10-09.54.43:299][471]LogAudioMixer: Display: Initializing audio mixer.
[2020.11.10-09.54.43:303][471]LogAudioMixer: Display: 0: FrontLeft
[2020.11.10-09.54.43:303][471]LogAudioMixer: Display: 1: FrontRight
[2020.11.10-09.54.43:316][471]LogAudioMixer: Display: Using Audio Device Headphones (High Definition Audio Device)
[2020.11.10-09.54.43:316][471]LogAudioMixer: Display: Initializing Sound Submixes...
[2020.11.10-09.54.43:316][471]LogAudioMixer: Display: Creating Master Submix 'MasterSubmixDefault'
[2020.11.10-09.54.43:316][471]LogAudioMixer: Display: Creating Master Submix 'MasterReverbSubmixDefault'
[2020.11.10-09.54.43:316][471]LogAudioMixer: Display: Creating Master Submix 'MasterEQSubmixDefault'
[2020.11.10-09.54.43:327][471]LogInit: FAudioDevice initialized.
[2020.11.10-09.54.43:331][471]LogLoad: Game class is 'GameModeBase'
[2020.11.10-09.54.43:335][471]LogWorld: Bringing World /Game/Levels/UEDPIE_0_Level1.Level1 up for play (max tick rate 0) at 2020.11.10-09.54.43
[2020.11.10-09.54.43:335][471]LogWorld: Bringing up level for play took: 0.003119
[2020.11.10-09.54.43:335][471]LogOnline: OSS: Creating online subsystem instance for: :Context_1
[2020.11.10-09.54.43:364][471]LogContentBrowser: Native class hierarchy updated for 'MovieSceneCapture' in 0.0004 seconds. Added 20 classes and 0 folders.
[2020.11.10-09.54.43:365][471]PIE: Server logged in
[2020.11.10-09.54.43:366][471]PIE: Play in editor total start time 0.133 seconds.
[2020.11.10-09.54.51:756][217]LogSlate: Updating window title bar state: overlay mode, drag disabled, window buttons hidden, title bar hidden
[2020.11.10-09.54.51:756][217]LogWorld: BeginTearingDown for /Game/Levels/UEDPIE_0_Level1
[2020.11.10-09.54.51:757][217]LogWorld: UWorld::CleanupWorld for Level1, bSessionEnded=true, bCleanupResources=true
[2020.11.10-09.54.51:757][217]LogSlate: InvalidateAllWidgets triggered.  All widgets were invalidated
[2020.11.10-09.54.51:762][217]LogPlayLevel: Display: Shutting down PIE online subsystems
[2020.11.10-09.54.51:763][217]LogSlate: InvalidateAllWidgets triggered.  All widgets were invalidated
[2020.11.10-09.54.51:789][217]LogSlate: Updating window title bar state: overlay mode, drag disabled, window buttons hidden, title bar hidden
[2020.11.10-09.54.51:791][217]LogAISub: UAISubsystem::~UAISubsystem EnvQueryManager (000001D819CDD000), frame # 1217
[2020.11.10-09.54.51:791][217]LogAISub: UAISubsystem::~UAISubsystem AIPerceptionSystem (000001D86844A340), frame # 1217
[2020.11.10-09.54.51:791][217]LogUObjectHash: Compacting FUObjectHashTables data took   0.62ms
[2020.11.10-09.54.51:850][219]LogPlayLevel: Display: Destroying online subsystem :Context_1
[2020.11.10-09.59.37:845][289]LogHttp: Warning: 000001D868C75600: invalid HTTP response code received. URL: https://datarouter.ol.epicgames.com/datarouter/api/v1/public/data?SessionID=%7B850E3EEC-43EB-5B65-DCEE-EF8FD5306139%7D&AppID=UEEditor.Rocket.Release&AppVersion=4.25.4-14469661%2B%2B%2BUE4%2BRelease-4.25&UserID=0975be8940acbc70c5881a84570164e1%7C05fc67ce442a4189af497f0b53a8931c%7C19212a92-1e6d-4edc-b0c3-b18207175452&AppEnvironment=datacollector-source&UploadType=eteventstream, HTTP code: 0, content length: 0, actual payload size: 0
[2020.11.10-09.59.37:845][289]LogHttp: Warning: 000001D868C75600: request failed, libcurl error: 0 (No error)
[2020.11.10-09.59.37:845][289]LogHttp: Warning: 000001D868C75600: libcurl info message cache 0 (Found bundle for host datarouter.ol.epicgames.com: 0x1d8498b7f70 [can pipeline])
[2020.11.10-09.59.37:845][289]LogHttp: Warning: 000001D868C75600: libcurl info message cache 1 (Re-using existing connection! (#1) with host datarouter.ol.epicgames.com)
[2020.11.10-09.59.37:845][289]LogHttp: Warning: 000001D868C75600: libcurl info message cache 2 (Connected to datarouter.ol.epicgames.com (34.198.130.114) port 443 (#1))
[2020.11.10-09.59.37:845][289]LogHttp: Warning: 000001D868C75600: libcurl info message cache 3 (We are completely uploaded and fine)
[2020.11.10-09.59.37:845][289]LogHttp: Warning: 000001D868C75600: libcurl info message cache 4 (Connection died, retrying a fresh connect)
[2020.11.10-09.59.37:845][289]LogHttp: Warning: 000001D868C75600: libcurl info message cache 5 (necessary data rewind wasn't possible)
[2020.11.10-09.59.37:845][289]LogHttp: Warning: 000001D868C75600: libcurl info message cache 6 (Closing connection 1)
[2020.11.10-09.59.37:845][289]LogHttp: Warning: 000001D868C75600: libcurl info message cache 7 (TLSv1.2 (OUT), TLS alert, Client hello (1):)
[2020.11.10-09.59.38:178][290]LogHttp: Warning: Retry exhausted on https://datarouter.ol.epicgames.com/datarouter/api/v1/public/data?SessionID=%7B850E3EEC-43EB-5B65-DCEE-EF8FD5306139%7D&AppID=UEEditor.Rocket.Release&AppVersion=4.25.4-14469661%2B%2B%2BUE4%2BRelease-4.25&UserID=0975be8940acbc70c5881a84570164e1%7C05fc67ce442a4189af497f0b53a8931c%7C19212a92-1e6d-4edc-b0c3-b18207175452&AppEnvironment=datacollector-source&UploadType=eteventstream
