AndroidPlatformFactory.RegisterBuildPlatforms: UnrealBuildTool.AndroidPlatformSDK has no valid SDK
IOSPlatformFactory.RegisterBuildPlatforms: UnrealBuildTool.IOSPlatformSDK using manually installed SDK
LinuxPlatformFactory.RegisterBuildPlatforms: UnrealBuildTool.LinuxPlatformSDK has no valid SDK
WindowsPlatformFactory.RegisterBuildPlatforms: UnrealBuildTool.WindowsPlatformSDK using manually installed SDK
ProjectFileGenerator.GenerateProjectFiles: Discovering modules, targets and source code for project...
WindowsPlatform.FindVSInstallDirs: Found Visual Studio installation: C:\Program Files (x86)\Microsoft Visual Studio\2017\Community (Product=Microsoft.VisualStudio.Product.Community, Version=15.9.28307.1064, Sort=0)
WindowsPlatform.FindToolChainDirs: Found Visual Studio toolchain: C:\Program Files (x86)\Microsoft Visual Studio\2017\Community\VC\Tools\MSVC\14.16.27023 (Version=14.16.27038)
DynamicCompilation.RequiresCompilation: Compiling E:\Epic\UE_4.25\Engine\Intermediate\Build\BuildRules\UE4Rules.dll: Removed source file (D:\Build\++UE4\Sync\Engine\Source\Runtime\Advertising\Advertising\Advertising.Build.cs)
DynamicCompilation.RequiresCompilation: Compiling E:\Epic\UE_4.25\Engine\Intermediate\Build\BuildRules\UE4ProgramRules.dll: Removed source file (D:\Build\++UE4\Sync\Engine\Source\Programs\BenchmarkTool\BenchmarkTool.Build.cs)
DynamicCompilation.RequiresCompilation: Compiling C:\Users\Finn Sowerbutts\Documents\Work\Programming\C++\Unreal Learning\BullCowGame\Intermediate\Build\BuildRules\BullCowGameModuleRules.dll: Missing source file list (C:\Users\Finn Sowerbutts\Documents\Work\Programming\C++\Unreal Learning\BullCowGame\Intermediate\Build\BuildRules\BullCowGameModuleRulesManifest.json)
WindowsPlatform.UpdateCachedWindowsSdks: Found Windows 8.1 SDK at C:\Program Files (x86)\Windows Kits\8.1
WindowsPlatform.EnumerateSdkRootDirs: Found Windows 10 SDK root at C:\Program Files (x86)\Windows Kits\10 (1)
WindowsPlatform.EnumerateSdkRootDirs: Found Windows 10 SDK root at C:\Program Files (x86)\Windows Kits\10 (2)
WindowsPlatform.UpdateCachedWindowsSdks: Found Universal CRT version 10.0.10240.0 at C:\Program Files (x86)\Windows Kits\10
WindowsPlatform.UpdateCachedWindowsSdks: Found Windows 10 SDK version 10.0.17763.0 at C:\Program Files (x86)\Windows Kits\10
WindowsPlatform.UpdateCachedWindowsSdks: Found Universal CRT version 10.0.17763.0 at C:\Program Files (x86)\Windows Kits\10
UnrealBuildTool.Main: ERROR: Could not find NetFxSDK install dir; this will prevent SwarmInterface from installing.  Install a version of .NET Framework SDK at 4.6.0 or higher.
UnrealBuildTool.Main: BuildException: Could not find NetFxSDK install dir; this will prevent SwarmInterface from installing.  Install a version of .NET Framework SDK at 4.6.0 or higher.
UnrealBuildTool.Main:    at UnrealBuildTool.VCEnvironment.SetupEnvironment(UnrealTargetPlatform Platform) in D:\Build\++UE4\Sync\Engine\Source\Programs\UnrealBuildTool\Platform\Windows\VCEnvironment.cs:line 446
UnrealBuildTool.Main:    at UnrealBuildTool.VCEnvironment..ctor(UnrealTargetPlatform Platform, WindowsCompiler Compiler, DirectoryReference CompilerDir, VersionNumber CompilerVersion, WindowsArchitecture Architecture, WindowsCompiler ToolChain, DirectoryReference ToolChainDir, VersionNumber ToolChainVersion, DirectoryReference WindowsSdkDir, VersionNumber WindowsSdkVersion) in D:\Build\++UE4\Sync\Engine\Source\Programs\UnrealBuildTool\Platform\Windows\VCEnvironment.cs:line 136
UnrealBuildTool.Main:    at UnrealBuildTool.VCEnvironment.Create(WindowsCompiler Compiler, UnrealTargetPlatform Platform, WindowsArchitecture Architecture, String CompilerVersion, String WindowsSdkVersion, String SuppliedSdkDirectoryForVersion) in D:\Build\++UE4\Sync\Engine\Source\Programs\UnrealBuildTool\Platform\Windows\VCEnvironment.cs:line 541
UnrealBuildTool.Main:    at UnrealBuildTool.WindowsPlatform.CreateVCEnvironment(TargetRules Target) in D:\Build\++UE4\Sync\Engine\Source\Programs\UnrealBuildTool\Platform\Windows\UEBuildWindows.cs:line 710
UnrealBuildTool.Main:    at UnrealBuildTool.WindowsPlatform.ValidateTarget(TargetRules Target) in D:\Build\++UE4\Sync\Engine\Source\Programs\UnrealBuildTool\Platform\Windows\UEBuildWindows.cs:line 792
UnrealBuildTool.Main:    at UnrealBuildTool.RulesAssembly.CreateTargetRulesInstance(String TypeName, TargetInfo TargetInfo) in D:\Build\++UE4\Sync\Engine\Source\Programs\UnrealBuildTool\System\RulesAssembly.cs:line 568
UnrealBuildTool.Main:    at UnrealBuildTool.RulesAssembly.CreateTargetRules(String TargetName, UnrealTargetPlatform Platform, UnrealTargetConfiguration Configuration, String Architecture, FileReference ProjectFile, CommandLineArguments Arguments) in D:\Build\++UE4\Sync\Engine\Source\Programs\UnrealBuildTool\System\RulesAssembly.cs:line 628
UnrealBuildTool.Main:    at UnrealBuildTool.ProjectFileGenerator.AddProjectsForAllTargets(PlatformProjectGeneratorCollection PlatformProjectGenerators, List`1 AllGames, List`1 AllTargetFiles, String[] Arguments, ProjectFile& EngineProject, ProjectFile& EnterpriseProject, List`1& GameProjects, Dictionary`2& ProgramProjects) in D:\Build\++UE4\Sync\Engine\Source\Programs\UnrealBuildTool\ProjectFiles\ProjectFileGenerator.cs:line 2293
UnrealBuildTool.Main:    at UnrealBuildTool.ProjectFileGenerator.GenerateProjectFiles(PlatformProjectGeneratorCollection PlatformProjectGenerators, String[] Arguments) in D:\Build\++UE4\Sync\Engine\Source\Programs\UnrealBuildTool\ProjectFiles\ProjectFileGenerator.cs:line 753
UnrealBuildTool.Main:    at UnrealBuildTool.GenerateProjectFilesMode.Execute(CommandLineArguments Arguments) in D:\Build\++UE4\Sync\Engine\Source\Programs\UnrealBuildTool\Modes\GenerateProjectFilesMode.cs:line 198
UnrealBuildTool.Main:    at UnrealBuildTool.UnrealBuildTool.Main(String[] ArgumentsArray) in D:\Build\++UE4\Sync\Engine\Source\Programs\UnrealBuildTool\UnrealBuildTool.cs:line 550
Timeline.Print: Timeline:
Timeline.Print: 
Timeline.Print: [ 0.000]
Timeline.Print: [ 0.000](+0.087) <unknown>
Timeline.Print: [ 0.087](+0.528) XmlConfig.ReadConfigFiles()
Timeline.Print: [ 0.616](+0.000) SingleInstanceMutex.Acquire()
Timeline.Print: [ 0.616](+0.318) UEBuildPlatform.RegisterPlatforms()
Timeline.Print:   0.618          [ 0.001](+0.252) Initializing InstalledPlatformInfo
Timeline.Print:   0.870          [ 0.254](+0.000) Querying types
Timeline.Print:   0.873          [ 0.256](+0.004) XXXPlatformFactory
Timeline.Print:   0.877          [ 0.261](+0.000) MacPlatformFactory
Timeline.Print:   0.878          [ 0.261](+0.000) TVOSPlatformFactory
Timeline.Print:   0.878          [ 0.261](+0.039) AndroidPlatformFactory
Timeline.Print:   0.917          [ 0.301](+0.000) HoloLensPlatformFactory
Timeline.Print:   0.918          [ 0.301](+0.005) IOSPlatformFactory
Timeline.Print:   0.923          [ 0.307](+0.008) LinuxPlatformFactory
Timeline.Print:   0.932          [ 0.315](+0.000) LuminPlatformFactory
Timeline.Print:   0.932          [ 0.315](+0.002) WindowsPlatformFactory
Timeline.Print: [ 0.934](+4.358) <unknown>
Timeline.Print: [ 5.293](+0.004) Finding engine modules
Timeline.Print: [ 5.297](+0.006) Finding plugin modules
Timeline.Print: [ 5.303](+0.045) <unknown>
Timeline.Print: [ 5.349](+17.124) Compiling rules assembly (UE4Rules.dll)
Timeline.Print: [22.474](+0.063) <unknown>
Timeline.Print: [22.537](+0.000) Finding program modules
Timeline.Print: [22.538](+0.000) Finding program targets
Timeline.Print: [22.549](+0.275) Compiling rules assembly (UE4ProgramRules.dll)
Timeline.Print: [22.840](+0.303) Compiling rules assembly (BullCowGameModuleRules.dll)
Timeline.Print: [23.143](+0.207) <unknown>
Timeline.Print: [23.351](+0.000) FileMetadataPrefetch.Stop()
Timeline.Print: [23.356]
